ARM GAS  /tmp/cchaGcAm.s 			page 1


   1              		.syntax unified
   2              		.cpu cortex-m3
   3              		.fpu softvfp
   4              		.eabi_attribute 20, 1
   5              		.eabi_attribute 21, 1
   6              		.eabi_attribute 23, 3
   7              		.eabi_attribute 24, 1
   8              		.eabi_attribute 25, 1
   9              		.eabi_attribute 26, 1
  10              		.eabi_attribute 30, 1
  11              		.eabi_attribute 34, 1
  12              		.eabi_attribute 18, 4
  13              		.thumb
  14              		.file	"diskio.c"
  15              		.text
  16              	.Ltext0:
  17              		.cfi_sections	.debug_frame
  18              		.section	.text.disk_status,"ax",%progbits
  19              		.align	2
  20              		.global	disk_status
  21              		.thumb
  22              		.thumb_func
  24              	disk_status:
  25              	.LFB63:
  26              		.file 1 "Middlewares/Third_Party/FatFs/src/diskio.c"
   1:Middlewares/Third_Party/FatFs/src/diskio.c **** /*-----------------------------------------------------------------------*/
   2:Middlewares/Third_Party/FatFs/src/diskio.c **** /* Low level disk I/O module skeleton for FatFs     (C)ChaN, 2014        */
   3:Middlewares/Third_Party/FatFs/src/diskio.c **** /*                                                                       */
   4:Middlewares/Third_Party/FatFs/src/diskio.c **** /*   Portions COPYRIGHT 2017 STMicroelectronics                          */
   5:Middlewares/Third_Party/FatFs/src/diskio.c **** /*   Portions Copyright (C) 2014, ChaN, all right reserved               */
   6:Middlewares/Third_Party/FatFs/src/diskio.c **** /*-----------------------------------------------------------------------*/
   7:Middlewares/Third_Party/FatFs/src/diskio.c **** /* If a working storage control module is available, it should be        */
   8:Middlewares/Third_Party/FatFs/src/diskio.c **** /* attached to the FatFs via a glue function rather than modifying it.   */
   9:Middlewares/Third_Party/FatFs/src/diskio.c **** /* This is an example of glue functions to attach various exsisting      */
  10:Middlewares/Third_Party/FatFs/src/diskio.c **** /* storage control modules to the FatFs module with a defined API.       */
  11:Middlewares/Third_Party/FatFs/src/diskio.c **** /*-----------------------------------------------------------------------*/
  12:Middlewares/Third_Party/FatFs/src/diskio.c **** 
  13:Middlewares/Third_Party/FatFs/src/diskio.c **** /**
  14:Middlewares/Third_Party/FatFs/src/diskio.c ****   ******************************************************************************
  15:Middlewares/Third_Party/FatFs/src/diskio.c ****   * @file    diskio.c 
  16:Middlewares/Third_Party/FatFs/src/diskio.c ****   * @author  MCD Application Team
  17:Middlewares/Third_Party/FatFs/src/diskio.c ****   * @version V1.4.1
  18:Middlewares/Third_Party/FatFs/src/diskio.c ****   * @date    14-February-2017
  19:Middlewares/Third_Party/FatFs/src/diskio.c ****   * @brief   FatFs low level disk I/O module.
  20:Middlewares/Third_Party/FatFs/src/diskio.c ****   ******************************************************************************
  21:Middlewares/Third_Party/FatFs/src/diskio.c ****   * @attention
  22:Middlewares/Third_Party/FatFs/src/diskio.c ****   *
  23:Middlewares/Third_Party/FatFs/src/diskio.c ****   *
  24:Middlewares/Third_Party/FatFs/src/diskio.c ****   * Redistribution and use in source and binary forms, with or without 
  25:Middlewares/Third_Party/FatFs/src/diskio.c ****   * modification, are permitted, provided that the following conditions are met:
  26:Middlewares/Third_Party/FatFs/src/diskio.c ****   *
  27:Middlewares/Third_Party/FatFs/src/diskio.c ****   * 1. Redistribution of source code must retain the above copyright notice, 
  28:Middlewares/Third_Party/FatFs/src/diskio.c ****   *    this list of conditions and the following disclaimer.
  29:Middlewares/Third_Party/FatFs/src/diskio.c ****   * 2. Redistributions in binary form must reproduce the above copyright notice,
  30:Middlewares/Third_Party/FatFs/src/diskio.c ****   *    this list of conditions and the following disclaimer in the documentation
  31:Middlewares/Third_Party/FatFs/src/diskio.c ****   *    and/or other materials provided with the distribution.
  32:Middlewares/Third_Party/FatFs/src/diskio.c ****   * 3. Neither the name of STMicroelectronics nor the names of other 
ARM GAS  /tmp/cchaGcAm.s 			page 2


  33:Middlewares/Third_Party/FatFs/src/diskio.c ****   *    contributors to this software may be used to endorse or promote products 
  34:Middlewares/Third_Party/FatFs/src/diskio.c ****   *    derived from this software without specific written permission.
  35:Middlewares/Third_Party/FatFs/src/diskio.c ****   * 4. This software, including modifications and/or derivative works of this 
  36:Middlewares/Third_Party/FatFs/src/diskio.c ****   *    software, must execute solely and exclusively on microcontroller or
  37:Middlewares/Third_Party/FatFs/src/diskio.c ****   *    microprocessor devices manufactured by or for STMicroelectronics.
  38:Middlewares/Third_Party/FatFs/src/diskio.c ****   * 5. Redistribution and use of this software other than as permitted under 
  39:Middlewares/Third_Party/FatFs/src/diskio.c ****   *    this license is void and will automatically terminate your rights under 
  40:Middlewares/Third_Party/FatFs/src/diskio.c ****   *    this license. 
  41:Middlewares/Third_Party/FatFs/src/diskio.c ****   *
  42:Middlewares/Third_Party/FatFs/src/diskio.c ****   * THIS SOFTWARE IS PROVIDED BY STMICROELECTRONICS AND CONTRIBUTORS "AS IS" 
  43:Middlewares/Third_Party/FatFs/src/diskio.c ****   * AND ANY EXPRESS, IMPLIED OR STATUTORY WARRANTIES, INCLUDING, BUT NOT 
  44:Middlewares/Third_Party/FatFs/src/diskio.c ****   * LIMITED TO, THE IMPLIED WARRANTIES OF MERCHANTABILITY, FITNESS FOR A 
  45:Middlewares/Third_Party/FatFs/src/diskio.c ****   * PARTICULAR PURPOSE AND NON-INFRINGEMENT OF THIRD PARTY INTELLECTUAL PROPERTY
  46:Middlewares/Third_Party/FatFs/src/diskio.c ****   * RIGHTS ARE DISCLAIMED TO THE FULLEST EXTENT PERMITTED BY LAW. IN NO EVENT 
  47:Middlewares/Third_Party/FatFs/src/diskio.c ****   * SHALL STMICROELECTRONICS OR CONTRIBUTORS BE LIABLE FOR ANY DIRECT, INDIRECT,
  48:Middlewares/Third_Party/FatFs/src/diskio.c ****   * INCIDENTAL, SPECIAL, EXEMPLARY, OR CONSEQUENTIAL DAMAGES (INCLUDING, BUT NOT
  49:Middlewares/Third_Party/FatFs/src/diskio.c ****   * LIMITED TO, PROCUREMENT OF SUBSTITUTE GOODS OR SERVICES; LOSS OF USE, DATA, 
  50:Middlewares/Third_Party/FatFs/src/diskio.c ****   * OR PROFITS; OR BUSINESS INTERRUPTION) HOWEVER CAUSED AND ON ANY THEORY OF 
  51:Middlewares/Third_Party/FatFs/src/diskio.c ****   * LIABILITY, WHETHER IN CONTRACT, STRICT LIABILITY, OR TORT (INCLUDING 
  52:Middlewares/Third_Party/FatFs/src/diskio.c ****   * NEGLIGENCE OR OTHERWISE) ARISING IN ANY WAY OUT OF THE USE OF THIS SOFTWARE,
  53:Middlewares/Third_Party/FatFs/src/diskio.c ****   * EVEN IF ADVISED OF THE POSSIBILITY OF SUCH DAMAGE.
  54:Middlewares/Third_Party/FatFs/src/diskio.c ****   *
  55:Middlewares/Third_Party/FatFs/src/diskio.c ****   ******************************************************************************
  56:Middlewares/Third_Party/FatFs/src/diskio.c ****   */
  57:Middlewares/Third_Party/FatFs/src/diskio.c **** 
  58:Middlewares/Third_Party/FatFs/src/diskio.c **** /* Includes ------------------------------------------------------------------*/
  59:Middlewares/Third_Party/FatFs/src/diskio.c **** #include "diskio.h"
  60:Middlewares/Third_Party/FatFs/src/diskio.c **** #include "ff_gen_drv.h"
  61:Middlewares/Third_Party/FatFs/src/diskio.c **** 
  62:Middlewares/Third_Party/FatFs/src/diskio.c **** /* Private typedef -----------------------------------------------------------*/
  63:Middlewares/Third_Party/FatFs/src/diskio.c **** /* Private define ------------------------------------------------------------*/
  64:Middlewares/Third_Party/FatFs/src/diskio.c **** /* Private variables ---------------------------------------------------------*/
  65:Middlewares/Third_Party/FatFs/src/diskio.c **** extern Disk_drvTypeDef  disk;
  66:Middlewares/Third_Party/FatFs/src/diskio.c **** 
  67:Middlewares/Third_Party/FatFs/src/diskio.c **** /* Private function prototypes -----------------------------------------------*/
  68:Middlewares/Third_Party/FatFs/src/diskio.c **** /* Private functions ---------------------------------------------------------*/
  69:Middlewares/Third_Party/FatFs/src/diskio.c **** 
  70:Middlewares/Third_Party/FatFs/src/diskio.c **** /**
  71:Middlewares/Third_Party/FatFs/src/diskio.c ****   * @brief  Gets Disk Status 
  72:Middlewares/Third_Party/FatFs/src/diskio.c ****   * @param  pdrv: Physical drive number (0..)
  73:Middlewares/Third_Party/FatFs/src/diskio.c ****   * @retval DSTATUS: Operation status
  74:Middlewares/Third_Party/FatFs/src/diskio.c ****   */
  75:Middlewares/Third_Party/FatFs/src/diskio.c **** DSTATUS disk_status (
  76:Middlewares/Third_Party/FatFs/src/diskio.c **** 	BYTE pdrv		/* Physical drive nmuber to identify the drive */
  77:Middlewares/Third_Party/FatFs/src/diskio.c **** )
  78:Middlewares/Third_Party/FatFs/src/diskio.c **** {
  27              		.loc 1 78 0
  28              		.cfi_startproc
  29              		@ args = 0, pretend = 0, frame = 0
  30              		@ frame_needed = 0, uses_anonymous_args = 0
  31              	.LVL0:
  32 0000 08B5     		push	{r3, lr}
  33              	.LCFI0:
  34              		.cfi_def_cfa_offset 8
  35              		.cfi_offset 3, -8
  36              		.cfi_offset 14, -4
  79:Middlewares/Third_Party/FatFs/src/diskio.c ****   DSTATUS stat;
ARM GAS  /tmp/cchaGcAm.s 			page 3


  80:Middlewares/Third_Party/FatFs/src/diskio.c ****   
  81:Middlewares/Third_Party/FatFs/src/diskio.c ****   stat = disk.drv[pdrv]->disk_status(disk.lun[pdrv]);
  37              		.loc 1 81 0
  38 0002 044B     		ldr	r3, .L3
  39 0004 03EB8002 		add	r2, r3, r0, lsl #2
  40 0008 5268     		ldr	r2, [r2, #4]
  41 000a 5268     		ldr	r2, [r2, #4]
  42 000c 1844     		add	r0, r0, r3
  43              	.LVL1:
  44 000e 007A     		ldrb	r0, [r0, #8]	@ zero_extendqisi2
  45 0010 9047     		blx	r2
  46              	.LVL2:
  82:Middlewares/Third_Party/FatFs/src/diskio.c ****   return stat;
  83:Middlewares/Third_Party/FatFs/src/diskio.c **** }
  47              		.loc 1 83 0
  48 0012 08BD     		pop	{r3, pc}
  49              	.L4:
  50              		.align	2
  51              	.L3:
  52 0014 00000000 		.word	disk
  53              		.cfi_endproc
  54              	.LFE63:
  56              		.section	.text.disk_initialize,"ax",%progbits
  57              		.align	2
  58              		.global	disk_initialize
  59              		.thumb
  60              		.thumb_func
  62              	disk_initialize:
  63              	.LFB64:
  84:Middlewares/Third_Party/FatFs/src/diskio.c **** 
  85:Middlewares/Third_Party/FatFs/src/diskio.c **** /**
  86:Middlewares/Third_Party/FatFs/src/diskio.c ****   * @brief  Initializes a Drive
  87:Middlewares/Third_Party/FatFs/src/diskio.c ****   * @param  pdrv: Physical drive number (0..)
  88:Middlewares/Third_Party/FatFs/src/diskio.c ****   * @retval DSTATUS: Operation status
  89:Middlewares/Third_Party/FatFs/src/diskio.c ****   */
  90:Middlewares/Third_Party/FatFs/src/diskio.c **** DSTATUS disk_initialize (
  91:Middlewares/Third_Party/FatFs/src/diskio.c **** 	BYTE pdrv				/* Physical drive nmuber to identify the drive */
  92:Middlewares/Third_Party/FatFs/src/diskio.c **** )
  93:Middlewares/Third_Party/FatFs/src/diskio.c **** {
  64              		.loc 1 93 0
  65              		.cfi_startproc
  66              		@ args = 0, pretend = 0, frame = 0
  67              		@ frame_needed = 0, uses_anonymous_args = 0
  68              	.LVL3:
  69 0000 08B5     		push	{r3, lr}
  70              	.LCFI1:
  71              		.cfi_def_cfa_offset 8
  72              		.cfi_offset 3, -8
  73              		.cfi_offset 14, -4
  74              	.LVL4:
  94:Middlewares/Third_Party/FatFs/src/diskio.c ****   DSTATUS stat = RES_OK;
  95:Middlewares/Third_Party/FatFs/src/diskio.c ****   
  96:Middlewares/Third_Party/FatFs/src/diskio.c ****   if(disk.is_initialized[pdrv] == 0)
  75              		.loc 1 96 0
  76 0002 084B     		ldr	r3, .L9
  77 0004 1B5C     		ldrb	r3, [r3, r0]	@ zero_extendqisi2
  78 0006 53B9     		cbnz	r3, .L7
ARM GAS  /tmp/cchaGcAm.s 			page 4


  97:Middlewares/Third_Party/FatFs/src/diskio.c ****   { 
  98:Middlewares/Third_Party/FatFs/src/diskio.c ****     disk.is_initialized[pdrv] = 1;
  79              		.loc 1 98 0
  80 0008 064B     		ldr	r3, .L9
  81 000a 0122     		movs	r2, #1
  82 000c 1A54     		strb	r2, [r3, r0]
  99:Middlewares/Third_Party/FatFs/src/diskio.c ****     stat = disk.drv[pdrv]->disk_initialize(disk.lun[pdrv]);
  83              		.loc 1 99 0
  84 000e 03EB8002 		add	r2, r3, r0, lsl #2
  85 0012 5268     		ldr	r2, [r2, #4]
  86 0014 1268     		ldr	r2, [r2]
  87 0016 1844     		add	r0, r0, r3
  88              	.LVL5:
  89 0018 007A     		ldrb	r0, [r0, #8]	@ zero_extendqisi2
  90 001a 9047     		blx	r2
  91              	.LVL6:
  92 001c 08BD     		pop	{r3, pc}
  93              	.LVL7:
  94              	.L7:
  94:Middlewares/Third_Party/FatFs/src/diskio.c ****   DSTATUS stat = RES_OK;
  95              		.loc 1 94 0
  96 001e 0020     		movs	r0, #0
  97              	.LVL8:
 100:Middlewares/Third_Party/FatFs/src/diskio.c ****   }
 101:Middlewares/Third_Party/FatFs/src/diskio.c ****   return stat;
 102:Middlewares/Third_Party/FatFs/src/diskio.c **** }
  98              		.loc 1 102 0
  99 0020 08BD     		pop	{r3, pc}
 100              	.L10:
 101 0022 00BF     		.align	2
 102              	.L9:
 103 0024 00000000 		.word	disk
 104              		.cfi_endproc
 105              	.LFE64:
 107              		.section	.text.disk_read,"ax",%progbits
 108              		.align	2
 109              		.global	disk_read
 110              		.thumb
 111              		.thumb_func
 113              	disk_read:
 114              	.LFB65:
 103:Middlewares/Third_Party/FatFs/src/diskio.c **** 
 104:Middlewares/Third_Party/FatFs/src/diskio.c **** /**
 105:Middlewares/Third_Party/FatFs/src/diskio.c ****   * @brief  Reads Sector(s) 
 106:Middlewares/Third_Party/FatFs/src/diskio.c ****   * @param  pdrv: Physical drive number (0..)
 107:Middlewares/Third_Party/FatFs/src/diskio.c ****   * @param  *buff: Data buffer to store read data
 108:Middlewares/Third_Party/FatFs/src/diskio.c ****   * @param  sector: Sector address (LBA)
 109:Middlewares/Third_Party/FatFs/src/diskio.c ****   * @param  count: Number of sectors to read (1..128)
 110:Middlewares/Third_Party/FatFs/src/diskio.c ****   * @retval DRESULT: Operation result
 111:Middlewares/Third_Party/FatFs/src/diskio.c ****   */
 112:Middlewares/Third_Party/FatFs/src/diskio.c **** DRESULT disk_read (
 113:Middlewares/Third_Party/FatFs/src/diskio.c **** 	BYTE pdrv,		/* Physical drive nmuber to identify the drive */
 114:Middlewares/Third_Party/FatFs/src/diskio.c **** 	BYTE *buff,		/* Data buffer to store read data */
 115:Middlewares/Third_Party/FatFs/src/diskio.c **** 	DWORD sector,	        /* Sector address in LBA */
 116:Middlewares/Third_Party/FatFs/src/diskio.c **** 	UINT count		/* Number of sectors to read */
 117:Middlewares/Third_Party/FatFs/src/diskio.c **** )
 118:Middlewares/Third_Party/FatFs/src/diskio.c **** {
ARM GAS  /tmp/cchaGcAm.s 			page 5


 115              		.loc 1 118 0
 116              		.cfi_startproc
 117              		@ args = 0, pretend = 0, frame = 0
 118              		@ frame_needed = 0, uses_anonymous_args = 0
 119              	.LVL9:
 120 0000 38B5     		push	{r3, r4, r5, lr}
 121              	.LCFI2:
 122              		.cfi_def_cfa_offset 16
 123              		.cfi_offset 3, -16
 124              		.cfi_offset 4, -12
 125              		.cfi_offset 5, -8
 126              		.cfi_offset 14, -4
 119:Middlewares/Third_Party/FatFs/src/diskio.c ****   DRESULT res;
 120:Middlewares/Third_Party/FatFs/src/diskio.c ****  
 121:Middlewares/Third_Party/FatFs/src/diskio.c ****   res = disk.drv[pdrv]->disk_read(disk.lun[pdrv], buff, sector, count);
 127              		.loc 1 121 0
 128 0002 044C     		ldr	r4, .L13
 129 0004 04EB8005 		add	r5, r4, r0, lsl #2
 130 0008 6D68     		ldr	r5, [r5, #4]
 131 000a AD68     		ldr	r5, [r5, #8]
 132 000c 2044     		add	r0, r0, r4
 133              	.LVL10:
 134 000e 007A     		ldrb	r0, [r0, #8]	@ zero_extendqisi2
 135 0010 A847     		blx	r5
 136              	.LVL11:
 122:Middlewares/Third_Party/FatFs/src/diskio.c ****   return res;
 123:Middlewares/Third_Party/FatFs/src/diskio.c **** }
 137              		.loc 1 123 0
 138 0012 38BD     		pop	{r3, r4, r5, pc}
 139              	.L14:
 140              		.align	2
 141              	.L13:
 142 0014 00000000 		.word	disk
 143              		.cfi_endproc
 144              	.LFE65:
 146              		.section	.text.disk_write,"ax",%progbits
 147              		.align	2
 148              		.global	disk_write
 149              		.thumb
 150              		.thumb_func
 152              	disk_write:
 153              	.LFB66:
 124:Middlewares/Third_Party/FatFs/src/diskio.c **** 
 125:Middlewares/Third_Party/FatFs/src/diskio.c **** /**
 126:Middlewares/Third_Party/FatFs/src/diskio.c ****   * @brief  Writes Sector(s)  
 127:Middlewares/Third_Party/FatFs/src/diskio.c ****   * @param  pdrv: Physical drive number (0..)
 128:Middlewares/Third_Party/FatFs/src/diskio.c ****   * @param  *buff: Data to be written
 129:Middlewares/Third_Party/FatFs/src/diskio.c ****   * @param  sector: Sector address (LBA)
 130:Middlewares/Third_Party/FatFs/src/diskio.c ****   * @param  count: Number of sectors to write (1..128)
 131:Middlewares/Third_Party/FatFs/src/diskio.c ****   * @retval DRESULT: Operation result
 132:Middlewares/Third_Party/FatFs/src/diskio.c ****   */
 133:Middlewares/Third_Party/FatFs/src/diskio.c **** #if _USE_WRITE == 1
 134:Middlewares/Third_Party/FatFs/src/diskio.c **** DRESULT disk_write (
 135:Middlewares/Third_Party/FatFs/src/diskio.c **** 	BYTE pdrv,		/* Physical drive nmuber to identify the drive */
 136:Middlewares/Third_Party/FatFs/src/diskio.c **** 	const BYTE *buff,	/* Data to be written */
 137:Middlewares/Third_Party/FatFs/src/diskio.c **** 	DWORD sector,		/* Sector address in LBA */
 138:Middlewares/Third_Party/FatFs/src/diskio.c **** 	UINT count        	/* Number of sectors to write */
ARM GAS  /tmp/cchaGcAm.s 			page 6


 139:Middlewares/Third_Party/FatFs/src/diskio.c **** )
 140:Middlewares/Third_Party/FatFs/src/diskio.c **** {
 154              		.loc 1 140 0
 155              		.cfi_startproc
 156              		@ args = 0, pretend = 0, frame = 0
 157              		@ frame_needed = 0, uses_anonymous_args = 0
 158              	.LVL12:
 159 0000 38B5     		push	{r3, r4, r5, lr}
 160              	.LCFI3:
 161              		.cfi_def_cfa_offset 16
 162              		.cfi_offset 3, -16
 163              		.cfi_offset 4, -12
 164              		.cfi_offset 5, -8
 165              		.cfi_offset 14, -4
 141:Middlewares/Third_Party/FatFs/src/diskio.c ****   DRESULT res;
 142:Middlewares/Third_Party/FatFs/src/diskio.c ****   
 143:Middlewares/Third_Party/FatFs/src/diskio.c ****   res = disk.drv[pdrv]->disk_write(disk.lun[pdrv], buff, sector, count);
 166              		.loc 1 143 0
 167 0002 044C     		ldr	r4, .L17
 168 0004 04EB8005 		add	r5, r4, r0, lsl #2
 169 0008 6D68     		ldr	r5, [r5, #4]
 170 000a ED68     		ldr	r5, [r5, #12]
 171 000c 2044     		add	r0, r0, r4
 172              	.LVL13:
 173 000e 007A     		ldrb	r0, [r0, #8]	@ zero_extendqisi2
 174 0010 A847     		blx	r5
 175              	.LVL14:
 144:Middlewares/Third_Party/FatFs/src/diskio.c ****   return res;
 145:Middlewares/Third_Party/FatFs/src/diskio.c **** }
 176              		.loc 1 145 0
 177 0012 38BD     		pop	{r3, r4, r5, pc}
 178              	.L18:
 179              		.align	2
 180              	.L17:
 181 0014 00000000 		.word	disk
 182              		.cfi_endproc
 183              	.LFE66:
 185              		.section	.text.disk_ioctl,"ax",%progbits
 186              		.align	2
 187              		.global	disk_ioctl
 188              		.thumb
 189              		.thumb_func
 191              	disk_ioctl:
 192              	.LFB67:
 146:Middlewares/Third_Party/FatFs/src/diskio.c **** #endif /* _USE_WRITE == 1 */
 147:Middlewares/Third_Party/FatFs/src/diskio.c **** 
 148:Middlewares/Third_Party/FatFs/src/diskio.c **** /**
 149:Middlewares/Third_Party/FatFs/src/diskio.c ****   * @brief  I/O control operation  
 150:Middlewares/Third_Party/FatFs/src/diskio.c ****   * @param  pdrv: Physical drive number (0..)
 151:Middlewares/Third_Party/FatFs/src/diskio.c ****   * @param  cmd: Control code
 152:Middlewares/Third_Party/FatFs/src/diskio.c ****   * @param  *buff: Buffer to send/receive control data
 153:Middlewares/Third_Party/FatFs/src/diskio.c ****   * @retval DRESULT: Operation result
 154:Middlewares/Third_Party/FatFs/src/diskio.c ****   */
 155:Middlewares/Third_Party/FatFs/src/diskio.c **** #if _USE_IOCTL == 1
 156:Middlewares/Third_Party/FatFs/src/diskio.c **** DRESULT disk_ioctl (
 157:Middlewares/Third_Party/FatFs/src/diskio.c **** 	BYTE pdrv,		/* Physical drive nmuber (0..) */
 158:Middlewares/Third_Party/FatFs/src/diskio.c **** 	BYTE cmd,		/* Control code */
ARM GAS  /tmp/cchaGcAm.s 			page 7


 159:Middlewares/Third_Party/FatFs/src/diskio.c **** 	void *buff		/* Buffer to send/receive control data */
 160:Middlewares/Third_Party/FatFs/src/diskio.c **** )
 161:Middlewares/Third_Party/FatFs/src/diskio.c **** {
 193              		.loc 1 161 0
 194              		.cfi_startproc
 195              		@ args = 0, pretend = 0, frame = 0
 196              		@ frame_needed = 0, uses_anonymous_args = 0
 197              	.LVL15:
 198 0000 10B5     		push	{r4, lr}
 199              	.LCFI4:
 200              		.cfi_def_cfa_offset 8
 201              		.cfi_offset 4, -8
 202              		.cfi_offset 14, -4
 162:Middlewares/Third_Party/FatFs/src/diskio.c ****   DRESULT res;
 163:Middlewares/Third_Party/FatFs/src/diskio.c **** 
 164:Middlewares/Third_Party/FatFs/src/diskio.c ****   res = disk.drv[pdrv]->disk_ioctl(disk.lun[pdrv], cmd, buff);
 203              		.loc 1 164 0
 204 0002 044B     		ldr	r3, .L21
 205 0004 03EB8004 		add	r4, r3, r0, lsl #2
 206 0008 6468     		ldr	r4, [r4, #4]
 207 000a 2469     		ldr	r4, [r4, #16]
 208 000c 1844     		add	r0, r0, r3
 209              	.LVL16:
 210 000e 007A     		ldrb	r0, [r0, #8]	@ zero_extendqisi2
 211 0010 A047     		blx	r4
 212              	.LVL17:
 165:Middlewares/Third_Party/FatFs/src/diskio.c ****   return res;
 166:Middlewares/Third_Party/FatFs/src/diskio.c **** }
 213              		.loc 1 166 0
 214 0012 10BD     		pop	{r4, pc}
 215              	.L22:
 216              		.align	2
 217              	.L21:
 218 0014 00000000 		.word	disk
 219              		.cfi_endproc
 220              	.LFE67:
 222              		.section	.text.get_fattime,"ax",%progbits
 223              		.align	2
 224              		.weak	get_fattime
 225              		.thumb
 226              		.thumb_func
 228              	get_fattime:
 229              	.LFB68:
 167:Middlewares/Third_Party/FatFs/src/diskio.c **** #endif /* _USE_IOCTL == 1 */
 168:Middlewares/Third_Party/FatFs/src/diskio.c **** 
 169:Middlewares/Third_Party/FatFs/src/diskio.c **** /**
 170:Middlewares/Third_Party/FatFs/src/diskio.c ****   * @brief  Gets Time from RTC 
 171:Middlewares/Third_Party/FatFs/src/diskio.c ****   * @param  None
 172:Middlewares/Third_Party/FatFs/src/diskio.c ****   * @retval Time in DWORD
 173:Middlewares/Third_Party/FatFs/src/diskio.c ****   */
 174:Middlewares/Third_Party/FatFs/src/diskio.c **** __weak DWORD get_fattime (void)
 175:Middlewares/Third_Party/FatFs/src/diskio.c **** {
 230              		.loc 1 175 0
 231              		.cfi_startproc
 232              		@ args = 0, pretend = 0, frame = 0
 233              		@ frame_needed = 0, uses_anonymous_args = 0
 234              		@ link register save eliminated.
ARM GAS  /tmp/cchaGcAm.s 			page 8


 176:Middlewares/Third_Party/FatFs/src/diskio.c ****   return 0;
 177:Middlewares/Third_Party/FatFs/src/diskio.c **** }
 235              		.loc 1 177 0
 236 0000 0020     		movs	r0, #0
 237 0002 7047     		bx	lr
 238              		.cfi_endproc
 239              	.LFE68:
 241              		.text
 242              	.Letext0:
 243              		.file 2 "Middlewares/Third_Party/FatFs/src/integer.h"
 244              		.file 3 "Middlewares/Third_Party/FatFs/src/diskio.h"
 245              		.file 4 "/opt/gcc-arm-none-eabi-4_9-2015q3/arm-none-eabi/include/machine/_default_types.h"
 246              		.file 5 "/opt/gcc-arm-none-eabi-4_9-2015q3/arm-none-eabi/include/sys/_stdint.h"
 247              		.file 6 "Middlewares/Third_Party/FatFs/src/ff_gen_drv.h"
 248              		.file 7 "Drivers/CMSIS/Include/core_cm3.h"
ARM GAS  /tmp/cchaGcAm.s 			page 9


DEFINED SYMBOLS
                            *ABS*:00000000 diskio.c
     /tmp/cchaGcAm.s:19     .text.disk_status:00000000 $t
     /tmp/cchaGcAm.s:24     .text.disk_status:00000000 disk_status
     /tmp/cchaGcAm.s:52     .text.disk_status:00000014 $d
     /tmp/cchaGcAm.s:57     .text.disk_initialize:00000000 $t
     /tmp/cchaGcAm.s:62     .text.disk_initialize:00000000 disk_initialize
     /tmp/cchaGcAm.s:103    .text.disk_initialize:00000024 $d
     /tmp/cchaGcAm.s:108    .text.disk_read:00000000 $t
     /tmp/cchaGcAm.s:113    .text.disk_read:00000000 disk_read
     /tmp/cchaGcAm.s:142    .text.disk_read:00000014 $d
     /tmp/cchaGcAm.s:147    .text.disk_write:00000000 $t
     /tmp/cchaGcAm.s:152    .text.disk_write:00000000 disk_write
     /tmp/cchaGcAm.s:181    .text.disk_write:00000014 $d
     /tmp/cchaGcAm.s:186    .text.disk_ioctl:00000000 $t
     /tmp/cchaGcAm.s:191    .text.disk_ioctl:00000000 disk_ioctl
     /tmp/cchaGcAm.s:218    .text.disk_ioctl:00000014 $d
     /tmp/cchaGcAm.s:223    .text.get_fattime:00000000 $t
     /tmp/cchaGcAm.s:228    .text.get_fattime:00000000 get_fattime
                     .debug_frame:00000010 $d

UNDEFINED SYMBOLS
disk
