ARM GAS  /tmp/ccKzwPOe.s 			page 1


   1              		.syntax unified
   2              		.cpu cortex-m3
   3              		.fpu softvfp
   4              		.eabi_attribute 20, 1
   5              		.eabi_attribute 21, 1
   6              		.eabi_attribute 23, 3
   7              		.eabi_attribute 24, 1
   8              		.eabi_attribute 25, 1
   9              		.eabi_attribute 26, 1
  10              		.eabi_attribute 30, 1
  11              		.eabi_attribute 34, 1
  12              		.eabi_attribute 18, 4
  13              		.thumb
  14              		.file	"fatfs.c"
  15              		.text
  16              	.Ltext0:
  17              		.cfi_sections	.debug_frame
  18              		.section	.text.MX_FATFS_Init,"ax",%progbits
  19              		.align	2
  20              		.global	MX_FATFS_Init
  21              		.thumb
  22              		.thumb_func
  24              	MX_FATFS_Init:
  25              	.LFB63:
  26              		.file 1 "FATFS/App/fatfs.c"
   1:FATFS/App/fatfs.c **** /**
   2:FATFS/App/fatfs.c ****   ******************************************************************************
   3:FATFS/App/fatfs.c ****   * @file   fatfs.c
   4:FATFS/App/fatfs.c ****   * @brief  Code for fatfs applications
   5:FATFS/App/fatfs.c ****   ******************************************************************************
   6:FATFS/App/fatfs.c ****   * This notice applies to any and all portions of this file
   7:FATFS/App/fatfs.c ****   * that are not between comment pairs USER CODE BEGIN and
   8:FATFS/App/fatfs.c ****   * USER CODE END. Other portions of this file, whether 
   9:FATFS/App/fatfs.c ****   * inserted by the user or by software development tools
  10:FATFS/App/fatfs.c ****   * are owned by their respective copyright owners.
  11:FATFS/App/fatfs.c ****   *
  12:FATFS/App/fatfs.c ****   * Copyright (c) 2018 STMicroelectronics International N.V. 
  13:FATFS/App/fatfs.c ****   * All rights reserved.
  14:FATFS/App/fatfs.c ****   *
  15:FATFS/App/fatfs.c ****   * Redistribution and use in source and binary forms, with or without 
  16:FATFS/App/fatfs.c ****   * modification, are permitted, provided that the following conditions are met:
  17:FATFS/App/fatfs.c ****   *
  18:FATFS/App/fatfs.c ****   * 1. Redistribution of source code must retain the above copyright notice, 
  19:FATFS/App/fatfs.c ****   *    this list of conditions and the following disclaimer.
  20:FATFS/App/fatfs.c ****   * 2. Redistributions in binary form must reproduce the above copyright notice,
  21:FATFS/App/fatfs.c ****   *    this list of conditions and the following disclaimer in the documentation
  22:FATFS/App/fatfs.c ****   *    and/or other materials provided with the distribution.
  23:FATFS/App/fatfs.c ****   * 3. Neither the name of STMicroelectronics nor the names of other 
  24:FATFS/App/fatfs.c ****   *    contributors to this software may be used to endorse or promote products 
  25:FATFS/App/fatfs.c ****   *    derived from this software without specific written permission.
  26:FATFS/App/fatfs.c ****   * 4. This software, including modifications and/or derivative works of this 
  27:FATFS/App/fatfs.c ****   *    software, must execute solely and exclusively on microcontroller or
  28:FATFS/App/fatfs.c ****   *    microprocessor devices manufactured by or for STMicroelectronics.
  29:FATFS/App/fatfs.c ****   * 5. Redistribution and use of this software other than as permitted under 
  30:FATFS/App/fatfs.c ****   *    this license is void and will automatically terminate your rights under 
  31:FATFS/App/fatfs.c ****   *    this license. 
  32:FATFS/App/fatfs.c ****   *
ARM GAS  /tmp/ccKzwPOe.s 			page 2


  33:FATFS/App/fatfs.c ****   * THIS SOFTWARE IS PROVIDED BY STMICROELECTRONICS AND CONTRIBUTORS "AS IS" 
  34:FATFS/App/fatfs.c ****   * AND ANY EXPRESS, IMPLIED OR STATUTORY WARRANTIES, INCLUDING, BUT NOT 
  35:FATFS/App/fatfs.c ****   * LIMITED TO, THE IMPLIED WARRANTIES OF MERCHANTABILITY, FITNESS FOR A 
  36:FATFS/App/fatfs.c ****   * PARTICULAR PURPOSE AND NON-INFRINGEMENT OF THIRD PARTY INTELLECTUAL PROPERTY
  37:FATFS/App/fatfs.c ****   * RIGHTS ARE DISCLAIMED TO THE FULLEST EXTENT PERMITTED BY LAW. IN NO EVENT 
  38:FATFS/App/fatfs.c ****   * SHALL STMICROELECTRONICS OR CONTRIBUTORS BE LIABLE FOR ANY DIRECT, INDIRECT,
  39:FATFS/App/fatfs.c ****   * INCIDENTAL, SPECIAL, EXEMPLARY, OR CONSEQUENTIAL DAMAGES (INCLUDING, BUT NOT
  40:FATFS/App/fatfs.c ****   * LIMITED TO, PROCUREMENT OF SUBSTITUTE GOODS OR SERVICES; LOSS OF USE, DATA, 
  41:FATFS/App/fatfs.c ****   * OR PROFITS; OR BUSINESS INTERRUPTION) HOWEVER CAUSED AND ON ANY THEORY OF 
  42:FATFS/App/fatfs.c ****   * LIABILITY, WHETHER IN CONTRACT, STRICT LIABILITY, OR TORT (INCLUDING 
  43:FATFS/App/fatfs.c ****   * NEGLIGENCE OR OTHERWISE) ARISING IN ANY WAY OUT OF THE USE OF THIS SOFTWARE,
  44:FATFS/App/fatfs.c ****   * EVEN IF ADVISED OF THE POSSIBILITY OF SUCH DAMAGE.
  45:FATFS/App/fatfs.c ****   *
  46:FATFS/App/fatfs.c ****   ******************************************************************************
  47:FATFS/App/fatfs.c ****   */
  48:FATFS/App/fatfs.c **** 
  49:FATFS/App/fatfs.c **** #include "fatfs.h"
  50:FATFS/App/fatfs.c **** 
  51:FATFS/App/fatfs.c **** uint8_t retUSER;    /* Return value for USER */
  52:FATFS/App/fatfs.c **** char USERPath[4];   /* USER logical drive path */
  53:FATFS/App/fatfs.c **** FATFS USERFatFS;    /* File system object for USER logical drive */
  54:FATFS/App/fatfs.c **** FIL USERFile;       /* File object for USER */
  55:FATFS/App/fatfs.c **** 
  56:FATFS/App/fatfs.c **** /* USER CODE BEGIN Variables */
  57:FATFS/App/fatfs.c **** 
  58:FATFS/App/fatfs.c **** /* USER CODE END Variables */    
  59:FATFS/App/fatfs.c **** 
  60:FATFS/App/fatfs.c **** void MX_FATFS_Init(void) 
  61:FATFS/App/fatfs.c **** {
  27              		.loc 1 61 0
  28              		.cfi_startproc
  29              		@ args = 0, pretend = 0, frame = 0
  30              		@ frame_needed = 0, uses_anonymous_args = 0
  31 0000 08B5     		push	{r3, lr}
  32              	.LCFI0:
  33              		.cfi_def_cfa_offset 8
  34              		.cfi_offset 3, -8
  35              		.cfi_offset 14, -4
  62:FATFS/App/fatfs.c ****   /*## FatFS: Link the USER driver ###########################*/
  63:FATFS/App/fatfs.c ****   retUSER = FATFS_LinkDriver(&USER_Driver, USERPath);
  36              		.loc 1 63 0
  37 0002 0348     		ldr	r0, .L3
  38 0004 0349     		ldr	r1, .L3+4
  39 0006 FFF7FEFF 		bl	FATFS_LinkDriver
  40              	.LVL0:
  41 000a 034B     		ldr	r3, .L3+8
  42 000c 1870     		strb	r0, [r3]
  43 000e 08BD     		pop	{r3, pc}
  44              	.L4:
  45              		.align	2
  46              	.L3:
  47 0010 00000000 		.word	USER_Driver
  48 0014 00000000 		.word	USERPath
  49 0018 00000000 		.word	retUSER
  50              		.cfi_endproc
  51              	.LFE63:
  53              		.section	.text.get_fattime,"ax",%progbits
ARM GAS  /tmp/ccKzwPOe.s 			page 3


  54              		.align	2
  55              		.global	get_fattime
  56              		.thumb
  57              		.thumb_func
  59              	get_fattime:
  60              	.LFB64:
  64:FATFS/App/fatfs.c **** 
  65:FATFS/App/fatfs.c ****   /* USER CODE BEGIN Init */
  66:FATFS/App/fatfs.c ****   /* additional user code for init */     
  67:FATFS/App/fatfs.c ****   /* USER CODE END Init */
  68:FATFS/App/fatfs.c **** }
  69:FATFS/App/fatfs.c **** 
  70:FATFS/App/fatfs.c **** /**
  71:FATFS/App/fatfs.c ****   * @brief  Gets Time from RTC 
  72:FATFS/App/fatfs.c ****   * @param  None
  73:FATFS/App/fatfs.c ****   * @retval Time in DWORD
  74:FATFS/App/fatfs.c ****   */
  75:FATFS/App/fatfs.c **** DWORD get_fattime(void)
  76:FATFS/App/fatfs.c **** {
  61              		.loc 1 76 0
  62              		.cfi_startproc
  63              		@ args = 0, pretend = 0, frame = 0
  64              		@ frame_needed = 0, uses_anonymous_args = 0
  65              		@ link register save eliminated.
  77:FATFS/App/fatfs.c ****   /* USER CODE BEGIN get_fattime */
  78:FATFS/App/fatfs.c ****   return 0;
  79:FATFS/App/fatfs.c ****   /* USER CODE END get_fattime */  
  80:FATFS/App/fatfs.c **** }
  66              		.loc 1 80 0
  67 0000 0020     		movs	r0, #0
  68 0002 7047     		bx	lr
  69              		.cfi_endproc
  70              	.LFE64:
  72              		.comm	USERFile,556,4
  73              		.comm	USERFatFS,560,4
  74              		.comm	USERPath,4,4
  75              		.comm	retUSER,1,1
  76              		.text
  77              	.Letext0:
  78              		.file 2 "Middlewares/Third_Party/FatFs/src/integer.h"
  79              		.file 3 "/opt/gcc-arm-none-eabi-4_9-2015q3/arm-none-eabi/include/machine/_default_types.h"
  80              		.file 4 "/opt/gcc-arm-none-eabi-4_9-2015q3/arm-none-eabi/include/sys/_stdint.h"
  81              		.file 5 "Middlewares/Third_Party/FatFs/src/ff.h"
  82              		.file 6 "Middlewares/Third_Party/FatFs/src/diskio.h"
  83              		.file 7 "Middlewares/Third_Party/FatFs/src/ff_gen_drv.h"
  84              		.file 8 "Drivers/CMSIS/Include/core_cm3.h"
  85              		.file 9 "FATFS/Target/user_diskio.h"
ARM GAS  /tmp/ccKzwPOe.s 			page 4


DEFINED SYMBOLS
                            *ABS*:00000000 fatfs.c
     /tmp/ccKzwPOe.s:19     .text.MX_FATFS_Init:00000000 $t
     /tmp/ccKzwPOe.s:24     .text.MX_FATFS_Init:00000000 MX_FATFS_Init
     /tmp/ccKzwPOe.s:47     .text.MX_FATFS_Init:00000010 $d
                            *COM*:00000004 USERPath
                            *COM*:00000001 retUSER
     /tmp/ccKzwPOe.s:54     .text.get_fattime:00000000 $t
     /tmp/ccKzwPOe.s:59     .text.get_fattime:00000000 get_fattime
                            *COM*:0000022c USERFile
                            *COM*:00000230 USERFatFS
                     .debug_frame:00000010 $d

UNDEFINED SYMBOLS
FATFS_LinkDriver
USER_Driver
