ARM GAS  /tmp/ccwSs3tg.s 			page 1


   1              		.syntax unified
   2              		.cpu cortex-m3
   3              		.fpu softvfp
   4              		.eabi_attribute 20, 1
   5              		.eabi_attribute 21, 1
   6              		.eabi_attribute 23, 3
   7              		.eabi_attribute 24, 1
   8              		.eabi_attribute 25, 1
   9              		.eabi_attribute 26, 1
  10              		.eabi_attribute 30, 1
  11              		.eabi_attribute 34, 1
  12              		.eabi_attribute 18, 4
  13              		.thumb
  14              		.file	"ff_gen_drv.c"
  15              		.text
  16              	.Ltext0:
  17              		.cfi_sections	.debug_frame
  18              		.section	.text.FATFS_LinkDriverEx,"ax",%progbits
  19              		.align	2
  20              		.global	FATFS_LinkDriverEx
  21              		.thumb
  22              		.thumb_func
  24              	FATFS_LinkDriverEx:
  25              	.LFB63:
  26              		.file 1 "Middlewares/Third_Party/FatFs/src/ff_gen_drv.c"
   1:Middlewares/Third_Party/FatFs/src/ff_gen_drv.c **** /**
   2:Middlewares/Third_Party/FatFs/src/ff_gen_drv.c ****   ******************************************************************************
   3:Middlewares/Third_Party/FatFs/src/ff_gen_drv.c ****   * @file    ff_gen_drv.c 
   4:Middlewares/Third_Party/FatFs/src/ff_gen_drv.c ****   * @author  MCD Application Team
   5:Middlewares/Third_Party/FatFs/src/ff_gen_drv.c ****   * @version V1.4.1
   6:Middlewares/Third_Party/FatFs/src/ff_gen_drv.c ****   * @date    14-February-2017
   7:Middlewares/Third_Party/FatFs/src/ff_gen_drv.c ****   * @brief   FatFs generic low level driver.
   8:Middlewares/Third_Party/FatFs/src/ff_gen_drv.c ****   ******************************************************************************
   9:Middlewares/Third_Party/FatFs/src/ff_gen_drv.c ****   * @attention
  10:Middlewares/Third_Party/FatFs/src/ff_gen_drv.c ****   *
  11:Middlewares/Third_Party/FatFs/src/ff_gen_drv.c ****   * <h2><center>&copy; COPYRIGHT 2017 STMicroelectronics</center></h2>
  12:Middlewares/Third_Party/FatFs/src/ff_gen_drv.c ****   *
  13:Middlewares/Third_Party/FatFs/src/ff_gen_drv.c ****   * Redistribution and use in source and binary forms, with or without 
  14:Middlewares/Third_Party/FatFs/src/ff_gen_drv.c ****   * modification, are permitted, provided that the following conditions are met:
  15:Middlewares/Third_Party/FatFs/src/ff_gen_drv.c ****   *
  16:Middlewares/Third_Party/FatFs/src/ff_gen_drv.c ****   * 1. Redistribution of source code must retain the above copyright notice, 
  17:Middlewares/Third_Party/FatFs/src/ff_gen_drv.c ****   *    this list of conditions and the following disclaimer.
  18:Middlewares/Third_Party/FatFs/src/ff_gen_drv.c ****   * 2. Redistributions in binary form must reproduce the above copyright notice,
  19:Middlewares/Third_Party/FatFs/src/ff_gen_drv.c ****   *    this list of conditions and the following disclaimer in the documentation
  20:Middlewares/Third_Party/FatFs/src/ff_gen_drv.c ****   *    and/or other materials provided with the distribution.
  21:Middlewares/Third_Party/FatFs/src/ff_gen_drv.c ****   * 3. Neither the name of STMicroelectronics nor the names of other 
  22:Middlewares/Third_Party/FatFs/src/ff_gen_drv.c ****   *    contributors to this software may be used to endorse or promote products 
  23:Middlewares/Third_Party/FatFs/src/ff_gen_drv.c ****   *    derived from this software without specific written permission.
  24:Middlewares/Third_Party/FatFs/src/ff_gen_drv.c ****   * 4. This software, including modifications and/or derivative works of this 
  25:Middlewares/Third_Party/FatFs/src/ff_gen_drv.c ****   *    software, must execute solely and exclusively on microcontroller or
  26:Middlewares/Third_Party/FatFs/src/ff_gen_drv.c ****   *    microprocessor devices manufactured by or for STMicroelectronics.
  27:Middlewares/Third_Party/FatFs/src/ff_gen_drv.c ****   * 5. Redistribution and use of this software other than as permitted under 
  28:Middlewares/Third_Party/FatFs/src/ff_gen_drv.c ****   *    this license is void and will automatically terminate your rights under 
  29:Middlewares/Third_Party/FatFs/src/ff_gen_drv.c ****   *    this license. 
  30:Middlewares/Third_Party/FatFs/src/ff_gen_drv.c ****   *
  31:Middlewares/Third_Party/FatFs/src/ff_gen_drv.c ****   * THIS SOFTWARE IS PROVIDED BY STMICROELECTRONICS AND CONTRIBUTORS "AS IS" 
  32:Middlewares/Third_Party/FatFs/src/ff_gen_drv.c ****   * AND ANY EXPRESS, IMPLIED OR STATUTORY WARRANTIES, INCLUDING, BUT NOT 
ARM GAS  /tmp/ccwSs3tg.s 			page 2


  33:Middlewares/Third_Party/FatFs/src/ff_gen_drv.c ****   * LIMITED TO, THE IMPLIED WARRANTIES OF MERCHANTABILITY, FITNESS FOR A 
  34:Middlewares/Third_Party/FatFs/src/ff_gen_drv.c ****   * PARTICULAR PURPOSE AND NON-INFRINGEMENT OF THIRD PARTY INTELLECTUAL PROPERTY
  35:Middlewares/Third_Party/FatFs/src/ff_gen_drv.c ****   * RIGHTS ARE DISCLAIMED TO THE FULLEST EXTENT PERMITTED BY LAW. IN NO EVENT 
  36:Middlewares/Third_Party/FatFs/src/ff_gen_drv.c ****   * SHALL STMICROELECTRONICS OR CONTRIBUTORS BE LIABLE FOR ANY DIRECT, INDIRECT,
  37:Middlewares/Third_Party/FatFs/src/ff_gen_drv.c ****   * INCIDENTAL, SPECIAL, EXEMPLARY, OR CONSEQUENTIAL DAMAGES (INCLUDING, BUT NOT
  38:Middlewares/Third_Party/FatFs/src/ff_gen_drv.c ****   * LIMITED TO, PROCUREMENT OF SUBSTITUTE GOODS OR SERVICES; LOSS OF USE, DATA, 
  39:Middlewares/Third_Party/FatFs/src/ff_gen_drv.c ****   * OR PROFITS; OR BUSINESS INTERRUPTION) HOWEVER CAUSED AND ON ANY THEORY OF 
  40:Middlewares/Third_Party/FatFs/src/ff_gen_drv.c ****   * LIABILITY, WHETHER IN CONTRACT, STRICT LIABILITY, OR TORT (INCLUDING 
  41:Middlewares/Third_Party/FatFs/src/ff_gen_drv.c ****   * NEGLIGENCE OR OTHERWISE) ARISING IN ANY WAY OUT OF THE USE OF THIS SOFTWARE,
  42:Middlewares/Third_Party/FatFs/src/ff_gen_drv.c ****   * EVEN IF ADVISED OF THE POSSIBILITY OF SUCH DAMAGE.
  43:Middlewares/Third_Party/FatFs/src/ff_gen_drv.c ****   *
  44:Middlewares/Third_Party/FatFs/src/ff_gen_drv.c ****   ******************************************************************************
  45:Middlewares/Third_Party/FatFs/src/ff_gen_drv.c ****   */ 
  46:Middlewares/Third_Party/FatFs/src/ff_gen_drv.c **** 
  47:Middlewares/Third_Party/FatFs/src/ff_gen_drv.c **** /* Includes ------------------------------------------------------------------*/
  48:Middlewares/Third_Party/FatFs/src/ff_gen_drv.c **** #include "ff_gen_drv.h"
  49:Middlewares/Third_Party/FatFs/src/ff_gen_drv.c **** 
  50:Middlewares/Third_Party/FatFs/src/ff_gen_drv.c **** /* Private typedef -----------------------------------------------------------*/
  51:Middlewares/Third_Party/FatFs/src/ff_gen_drv.c **** /* Private define ------------------------------------------------------------*/
  52:Middlewares/Third_Party/FatFs/src/ff_gen_drv.c **** /* Private variables ---------------------------------------------------------*/
  53:Middlewares/Third_Party/FatFs/src/ff_gen_drv.c **** Disk_drvTypeDef disk = {{0},{0},{0},0};
  54:Middlewares/Third_Party/FatFs/src/ff_gen_drv.c **** 
  55:Middlewares/Third_Party/FatFs/src/ff_gen_drv.c **** /* Private function prototypes -----------------------------------------------*/
  56:Middlewares/Third_Party/FatFs/src/ff_gen_drv.c **** /* Private functions ---------------------------------------------------------*/
  57:Middlewares/Third_Party/FatFs/src/ff_gen_drv.c **** 
  58:Middlewares/Third_Party/FatFs/src/ff_gen_drv.c **** /**
  59:Middlewares/Third_Party/FatFs/src/ff_gen_drv.c ****   * @brief  Links a compatible diskio driver/lun id and increments the number of active
  60:Middlewares/Third_Party/FatFs/src/ff_gen_drv.c ****   *         linked drivers.
  61:Middlewares/Third_Party/FatFs/src/ff_gen_drv.c ****   * @note   The number of linked drivers (volumes) is up to 10 due to FatFs limits.
  62:Middlewares/Third_Party/FatFs/src/ff_gen_drv.c ****   * @param  drv: pointer to the disk IO Driver structure
  63:Middlewares/Third_Party/FatFs/src/ff_gen_drv.c ****   * @param  path: pointer to the logical drive path 
  64:Middlewares/Third_Party/FatFs/src/ff_gen_drv.c ****   * @param  lun : only used for USB Key Disk to add multi-lun management
  65:Middlewares/Third_Party/FatFs/src/ff_gen_drv.c ****             else the paramter must be equal to 0
  66:Middlewares/Third_Party/FatFs/src/ff_gen_drv.c ****   * @retval Returns 0 in case of success, otherwise 1.
  67:Middlewares/Third_Party/FatFs/src/ff_gen_drv.c ****   */
  68:Middlewares/Third_Party/FatFs/src/ff_gen_drv.c **** uint8_t FATFS_LinkDriverEx(Diskio_drvTypeDef *drv, char *path, uint8_t lun)
  69:Middlewares/Third_Party/FatFs/src/ff_gen_drv.c **** {
  27              		.loc 1 69 0
  28              		.cfi_startproc
  29              		@ args = 0, pretend = 0, frame = 0
  30              		@ frame_needed = 0, uses_anonymous_args = 0
  31              		@ link register save eliminated.
  32              	.LVL0:
  70:Middlewares/Third_Party/FatFs/src/ff_gen_drv.c ****   uint8_t ret = 1;
  71:Middlewares/Third_Party/FatFs/src/ff_gen_drv.c ****   uint8_t DiskNum = 0;
  72:Middlewares/Third_Party/FatFs/src/ff_gen_drv.c ****   
  73:Middlewares/Third_Party/FatFs/src/ff_gen_drv.c ****   if(disk.nbr <= _VOLUMES)
  33              		.loc 1 73 0
  34 0000 114B     		ldr	r3, .L6
  35 0002 5B7A     		ldrb	r3, [r3, #9]	@ zero_extendqisi2
  36 0004 DBB2     		uxtb	r3, r3
  37 0006 012B     		cmp	r3, #1
  38 0008 1AD8     		bhi	.L3
  69:Middlewares/Third_Party/FatFs/src/ff_gen_drv.c ****   uint8_t ret = 1;
  39              		.loc 1 69 0
  40 000a 30B4     		push	{r4, r5}
  41              	.LCFI0:
ARM GAS  /tmp/ccwSs3tg.s 			page 3


  42              		.cfi_def_cfa_offset 8
  43              		.cfi_offset 4, -8
  44              		.cfi_offset 5, -4
  74:Middlewares/Third_Party/FatFs/src/ff_gen_drv.c ****   {
  75:Middlewares/Third_Party/FatFs/src/ff_gen_drv.c ****     disk.is_initialized[disk.nbr] = 0;
  45              		.loc 1 75 0
  46 000c 0E4C     		ldr	r4, .L6
  47 000e 657A     		ldrb	r5, [r4, #9]	@ zero_extendqisi2
  48 0010 EDB2     		uxtb	r5, r5
  49 0012 0023     		movs	r3, #0
  50 0014 6355     		strb	r3, [r4, r5]
  76:Middlewares/Third_Party/FatFs/src/ff_gen_drv.c ****     disk.drv[disk.nbr] = drv;  
  51              		.loc 1 76 0
  52 0016 657A     		ldrb	r5, [r4, #9]	@ zero_extendqisi2
  53 0018 04EB8505 		add	r5, r4, r5, lsl #2
  54 001c 6860     		str	r0, [r5, #4]
  77:Middlewares/Third_Party/FatFs/src/ff_gen_drv.c ****     disk.lun[disk.nbr] = lun;  
  55              		.loc 1 77 0
  56 001e 607A     		ldrb	r0, [r4, #9]	@ zero_extendqisi2
  57              	.LVL1:
  58 0020 2044     		add	r0, r0, r4
  59 0022 0272     		strb	r2, [r0, #8]
  78:Middlewares/Third_Party/FatFs/src/ff_gen_drv.c ****     DiskNum = disk.nbr++;
  60              		.loc 1 78 0
  61 0024 627A     		ldrb	r2, [r4, #9]	@ zero_extendqisi2
  62              	.LVL2:
  63 0026 D2B2     		uxtb	r2, r2
  64 0028 501C     		adds	r0, r2, #1
  65              	.LVL3:
  66 002a C0B2     		uxtb	r0, r0
  67 002c 6072     		strb	r0, [r4, #9]
  68              	.LVL4:
  79:Middlewares/Third_Party/FatFs/src/ff_gen_drv.c ****     path[0] = DiskNum + '0';
  69              		.loc 1 79 0
  70 002e 3032     		adds	r2, r2, #48
  71              	.LVL5:
  72 0030 0A70     		strb	r2, [r1]
  73              	.LVL6:
  80:Middlewares/Third_Party/FatFs/src/ff_gen_drv.c ****     path[1] = ':';
  74              		.loc 1 80 0
  75 0032 3A22     		movs	r2, #58
  76              	.LVL7:
  77 0034 4A70     		strb	r2, [r1, #1]
  81:Middlewares/Third_Party/FatFs/src/ff_gen_drv.c ****     path[2] = '/';
  78              		.loc 1 81 0
  79 0036 2F22     		movs	r2, #47
  80 0038 8A70     		strb	r2, [r1, #2]
  82:Middlewares/Third_Party/FatFs/src/ff_gen_drv.c ****     path[3] = 0;
  81              		.loc 1 82 0
  82 003a CB70     		strb	r3, [r1, #3]
  83              	.LVL8:
  83:Middlewares/Third_Party/FatFs/src/ff_gen_drv.c ****     ret = 0;
  84              		.loc 1 83 0
  85 003c 1846     		mov	r0, r3
  86 003e 01E0     		b	.L2
  87              	.LVL9:
  88              	.L3:
ARM GAS  /tmp/ccwSs3tg.s 			page 4


  89              	.LCFI1:
  90              		.cfi_def_cfa_offset 0
  91              		.cfi_restore 4
  92              		.cfi_restore 5
  70:Middlewares/Third_Party/FatFs/src/ff_gen_drv.c ****   uint8_t DiskNum = 0;
  93              		.loc 1 70 0
  94 0040 0120     		movs	r0, #1
  95              	.LVL10:
  96 0042 7047     		bx	lr
  97              	.LVL11:
  98              	.L2:
  99              	.LCFI2:
 100              		.cfi_def_cfa_offset 8
 101              		.cfi_offset 4, -8
 102              		.cfi_offset 5, -4
  84:Middlewares/Third_Party/FatFs/src/ff_gen_drv.c ****   }
  85:Middlewares/Third_Party/FatFs/src/ff_gen_drv.c ****   
  86:Middlewares/Third_Party/FatFs/src/ff_gen_drv.c ****   return ret;
  87:Middlewares/Third_Party/FatFs/src/ff_gen_drv.c **** }
 103              		.loc 1 87 0
 104 0044 30BC     		pop	{r4, r5}
 105              	.LCFI3:
 106              		.cfi_restore 5
 107              		.cfi_restore 4
 108              		.cfi_def_cfa_offset 0
 109 0046 7047     		bx	lr
 110              	.L7:
 111              		.align	2
 112              	.L6:
 113 0048 00000000 		.word	.LANCHOR0
 114              		.cfi_endproc
 115              	.LFE63:
 117              		.section	.text.FATFS_LinkDriver,"ax",%progbits
 118              		.align	2
 119              		.global	FATFS_LinkDriver
 120              		.thumb
 121              		.thumb_func
 123              	FATFS_LinkDriver:
 124              	.LFB64:
  88:Middlewares/Third_Party/FatFs/src/ff_gen_drv.c **** 
  89:Middlewares/Third_Party/FatFs/src/ff_gen_drv.c **** /**
  90:Middlewares/Third_Party/FatFs/src/ff_gen_drv.c ****   * @brief  Links a compatible diskio driver and increments the number of active
  91:Middlewares/Third_Party/FatFs/src/ff_gen_drv.c ****   *         linked drivers.          
  92:Middlewares/Third_Party/FatFs/src/ff_gen_drv.c ****   * @note   The number of linked drivers (volumes) is up to 10 due to FatFs limits
  93:Middlewares/Third_Party/FatFs/src/ff_gen_drv.c ****   * @param  drv: pointer to the disk IO Driver structure
  94:Middlewares/Third_Party/FatFs/src/ff_gen_drv.c ****   * @param  path: pointer to the logical drive path 
  95:Middlewares/Third_Party/FatFs/src/ff_gen_drv.c ****   * @retval Returns 0 in case of success, otherwise 1.
  96:Middlewares/Third_Party/FatFs/src/ff_gen_drv.c ****   */
  97:Middlewares/Third_Party/FatFs/src/ff_gen_drv.c **** uint8_t FATFS_LinkDriver(Diskio_drvTypeDef *drv, char *path)
  98:Middlewares/Third_Party/FatFs/src/ff_gen_drv.c **** {
 125              		.loc 1 98 0
 126              		.cfi_startproc
 127              		@ args = 0, pretend = 0, frame = 0
 128              		@ frame_needed = 0, uses_anonymous_args = 0
 129              	.LVL12:
 130 0000 08B5     		push	{r3, lr}
 131              	.LCFI4:
ARM GAS  /tmp/ccwSs3tg.s 			page 5


 132              		.cfi_def_cfa_offset 8
 133              		.cfi_offset 3, -8
 134              		.cfi_offset 14, -4
  99:Middlewares/Third_Party/FatFs/src/ff_gen_drv.c ****   return FATFS_LinkDriverEx(drv, path, 0);
 135              		.loc 1 99 0
 136 0002 0022     		movs	r2, #0
 137 0004 FFF7FEFF 		bl	FATFS_LinkDriverEx
 138              	.LVL13:
 100:Middlewares/Third_Party/FatFs/src/ff_gen_drv.c **** }
 139              		.loc 1 100 0
 140 0008 08BD     		pop	{r3, pc}
 141              		.cfi_endproc
 142              	.LFE64:
 144 000a 00BF     		.section	.text.FATFS_UnLinkDriverEx,"ax",%progbits
 145              		.align	2
 146              		.global	FATFS_UnLinkDriverEx
 147              		.thumb
 148              		.thumb_func
 150              	FATFS_UnLinkDriverEx:
 151              	.LFB65:
 101:Middlewares/Third_Party/FatFs/src/ff_gen_drv.c **** 
 102:Middlewares/Third_Party/FatFs/src/ff_gen_drv.c **** /**
 103:Middlewares/Third_Party/FatFs/src/ff_gen_drv.c ****   * @brief  Unlinks a diskio driver and decrements the number of active linked
 104:Middlewares/Third_Party/FatFs/src/ff_gen_drv.c ****   *         drivers.
 105:Middlewares/Third_Party/FatFs/src/ff_gen_drv.c ****   * @param  path: pointer to the logical drive path  
 106:Middlewares/Third_Party/FatFs/src/ff_gen_drv.c ****   * @param  lun : not used   
 107:Middlewares/Third_Party/FatFs/src/ff_gen_drv.c ****   * @retval Returns 0 in case of success, otherwise 1.
 108:Middlewares/Third_Party/FatFs/src/ff_gen_drv.c ****   */
 109:Middlewares/Third_Party/FatFs/src/ff_gen_drv.c **** uint8_t FATFS_UnLinkDriverEx(char *path, uint8_t lun)
 110:Middlewares/Third_Party/FatFs/src/ff_gen_drv.c **** { 
 152              		.loc 1 110 0
 153              		.cfi_startproc
 154              		@ args = 0, pretend = 0, frame = 0
 155              		@ frame_needed = 0, uses_anonymous_args = 0
 156              		@ link register save eliminated.
 157              	.LVL14:
 111:Middlewares/Third_Party/FatFs/src/ff_gen_drv.c ****   uint8_t DiskNum = 0;
 112:Middlewares/Third_Party/FatFs/src/ff_gen_drv.c ****   uint8_t ret = 1;
 113:Middlewares/Third_Party/FatFs/src/ff_gen_drv.c ****   
 114:Middlewares/Third_Party/FatFs/src/ff_gen_drv.c ****   if(disk.nbr >= 1)
 158              		.loc 1 114 0
 159 0000 0E4B     		ldr	r3, .L14
 160 0002 5B7A     		ldrb	r3, [r3, #9]	@ zero_extendqisi2
 161 0004 13F0FF0F 		tst	r3, #255
 162 0008 13D0     		beq	.L12
 115:Middlewares/Third_Party/FatFs/src/ff_gen_drv.c ****   {    
 116:Middlewares/Third_Party/FatFs/src/ff_gen_drv.c ****     DiskNum = path[0] - '0';
 163              		.loc 1 116 0
 164 000a 0378     		ldrb	r3, [r0]	@ zero_extendqisi2
 165 000c 303B     		subs	r3, r3, #48
 166 000e DBB2     		uxtb	r3, r3
 167              	.LVL15:
 117:Middlewares/Third_Party/FatFs/src/ff_gen_drv.c ****     if(disk.drv[DiskNum] != 0)
 168              		.loc 1 117 0
 169 0010 0A4A     		ldr	r2, .L14
 170 0012 02EB8302 		add	r2, r2, r3, lsl #2
 171 0016 5268     		ldr	r2, [r2, #4]
ARM GAS  /tmp/ccwSs3tg.s 			page 6


 172 0018 6AB1     		cbz	r2, .L13
 118:Middlewares/Third_Party/FatFs/src/ff_gen_drv.c ****     {
 119:Middlewares/Third_Party/FatFs/src/ff_gen_drv.c ****       disk.drv[DiskNum] = 0;
 173              		.loc 1 119 0
 174 001a 084A     		ldr	r2, .L14
 175 001c 02EB8301 		add	r1, r2, r3, lsl #2
 176              	.LVL16:
 177 0020 0020     		movs	r0, #0
 178              	.LVL17:
 179 0022 4860     		str	r0, [r1, #4]
 120:Middlewares/Third_Party/FatFs/src/ff_gen_drv.c ****       disk.lun[DiskNum] = 0;
 180              		.loc 1 120 0
 181 0024 1344     		add	r3, r3, r2
 182 0026 1872     		strb	r0, [r3, #8]
 121:Middlewares/Third_Party/FatFs/src/ff_gen_drv.c ****       disk.nbr--;
 183              		.loc 1 121 0
 184 0028 537A     		ldrb	r3, [r2, #9]	@ zero_extendqisi2
 185 002a 013B     		subs	r3, r3, #1
 186 002c DBB2     		uxtb	r3, r3
 187 002e 5372     		strb	r3, [r2, #9]
 188              	.LVL18:
 189 0030 7047     		bx	lr
 190              	.LVL19:
 191              	.L12:
 112:Middlewares/Third_Party/FatFs/src/ff_gen_drv.c ****   
 192              		.loc 1 112 0
 193 0032 0120     		movs	r0, #1
 194              	.LVL20:
 195 0034 7047     		bx	lr
 196              	.LVL21:
 197              	.L13:
 198 0036 0120     		movs	r0, #1
 199              	.LVL22:
 122:Middlewares/Third_Party/FatFs/src/ff_gen_drv.c ****       ret = 0;
 123:Middlewares/Third_Party/FatFs/src/ff_gen_drv.c ****     }
 124:Middlewares/Third_Party/FatFs/src/ff_gen_drv.c ****   }
 125:Middlewares/Third_Party/FatFs/src/ff_gen_drv.c ****   
 126:Middlewares/Third_Party/FatFs/src/ff_gen_drv.c ****   return ret;
 127:Middlewares/Third_Party/FatFs/src/ff_gen_drv.c **** }
 200              		.loc 1 127 0
 201 0038 7047     		bx	lr
 202              	.L15:
 203 003a 00BF     		.align	2
 204              	.L14:
 205 003c 00000000 		.word	.LANCHOR0
 206              		.cfi_endproc
 207              	.LFE65:
 209              		.section	.text.FATFS_UnLinkDriver,"ax",%progbits
 210              		.align	2
 211              		.global	FATFS_UnLinkDriver
 212              		.thumb
 213              		.thumb_func
 215              	FATFS_UnLinkDriver:
 216              	.LFB66:
 128:Middlewares/Third_Party/FatFs/src/ff_gen_drv.c **** 
 129:Middlewares/Third_Party/FatFs/src/ff_gen_drv.c **** /**
 130:Middlewares/Third_Party/FatFs/src/ff_gen_drv.c ****   * @brief  Unlinks a diskio driver and decrements the number of active linked
ARM GAS  /tmp/ccwSs3tg.s 			page 7


 131:Middlewares/Third_Party/FatFs/src/ff_gen_drv.c ****   *         drivers.
 132:Middlewares/Third_Party/FatFs/src/ff_gen_drv.c ****   * @param  path: pointer to the logical drive path  
 133:Middlewares/Third_Party/FatFs/src/ff_gen_drv.c ****   * @retval Returns 0 in case of success, otherwise 1.
 134:Middlewares/Third_Party/FatFs/src/ff_gen_drv.c ****   */
 135:Middlewares/Third_Party/FatFs/src/ff_gen_drv.c **** uint8_t FATFS_UnLinkDriver(char *path)
 136:Middlewares/Third_Party/FatFs/src/ff_gen_drv.c **** { 
 217              		.loc 1 136 0
 218              		.cfi_startproc
 219              		@ args = 0, pretend = 0, frame = 0
 220              		@ frame_needed = 0, uses_anonymous_args = 0
 221              	.LVL23:
 222 0000 08B5     		push	{r3, lr}
 223              	.LCFI5:
 224              		.cfi_def_cfa_offset 8
 225              		.cfi_offset 3, -8
 226              		.cfi_offset 14, -4
 137:Middlewares/Third_Party/FatFs/src/ff_gen_drv.c ****   return FATFS_UnLinkDriverEx(path, 0);
 227              		.loc 1 137 0
 228 0002 0021     		movs	r1, #0
 229 0004 FFF7FEFF 		bl	FATFS_UnLinkDriverEx
 230              	.LVL24:
 138:Middlewares/Third_Party/FatFs/src/ff_gen_drv.c **** }
 231              		.loc 1 138 0
 232 0008 08BD     		pop	{r3, pc}
 233              		.cfi_endproc
 234              	.LFE66:
 236 000a 00BF     		.section	.text.FATFS_GetAttachedDriversNbr,"ax",%progbits
 237              		.align	2
 238              		.global	FATFS_GetAttachedDriversNbr
 239              		.thumb
 240              		.thumb_func
 242              	FATFS_GetAttachedDriversNbr:
 243              	.LFB67:
 139:Middlewares/Third_Party/FatFs/src/ff_gen_drv.c **** 
 140:Middlewares/Third_Party/FatFs/src/ff_gen_drv.c **** /**
 141:Middlewares/Third_Party/FatFs/src/ff_gen_drv.c ****   * @brief  Gets number of linked drivers to the FatFs module.
 142:Middlewares/Third_Party/FatFs/src/ff_gen_drv.c ****   * @param  None
 143:Middlewares/Third_Party/FatFs/src/ff_gen_drv.c ****   * @retval Number of attached drivers.
 144:Middlewares/Third_Party/FatFs/src/ff_gen_drv.c ****   */
 145:Middlewares/Third_Party/FatFs/src/ff_gen_drv.c **** uint8_t FATFS_GetAttachedDriversNbr(void)
 146:Middlewares/Third_Party/FatFs/src/ff_gen_drv.c **** {
 244              		.loc 1 146 0
 245              		.cfi_startproc
 246              		@ args = 0, pretend = 0, frame = 0
 247              		@ frame_needed = 0, uses_anonymous_args = 0
 248              		@ link register save eliminated.
 147:Middlewares/Third_Party/FatFs/src/ff_gen_drv.c ****   return disk.nbr;
 249              		.loc 1 147 0
 250 0000 014B     		ldr	r3, .L19
 251 0002 587A     		ldrb	r0, [r3, #9]	@ zero_extendqisi2
 148:Middlewares/Third_Party/FatFs/src/ff_gen_drv.c **** }
 252              		.loc 1 148 0
 253 0004 7047     		bx	lr
 254              	.L20:
 255 0006 00BF     		.align	2
 256              	.L19:
 257 0008 00000000 		.word	.LANCHOR0
ARM GAS  /tmp/ccwSs3tg.s 			page 8


 258              		.cfi_endproc
 259              	.LFE67:
 261              		.global	disk
 262              		.section	.bss.disk,"aw",%nobits
 263              		.align	2
 264              		.set	.LANCHOR0,. + 0
 267              	disk:
 268 0000 00000000 		.space	12
 268      00000000 
 268      00000000 
 269              		.text
 270              	.Letext0:
 271              		.file 2 "Middlewares/Third_Party/FatFs/src/integer.h"
 272              		.file 3 "Middlewares/Third_Party/FatFs/src/diskio.h"
 273              		.file 4 "/opt/gcc-arm-none-eabi-4_9-2015q3/arm-none-eabi/include/machine/_default_types.h"
 274              		.file 5 "/opt/gcc-arm-none-eabi-4_9-2015q3/arm-none-eabi/include/sys/_stdint.h"
 275              		.file 6 "Middlewares/Third_Party/FatFs/src/ff_gen_drv.h"
 276              		.file 7 "Drivers/CMSIS/Include/core_cm3.h"
ARM GAS  /tmp/ccwSs3tg.s 			page 9


DEFINED SYMBOLS
                            *ABS*:00000000 ff_gen_drv.c
     /tmp/ccwSs3tg.s:19     .text.FATFS_LinkDriverEx:00000000 $t
     /tmp/ccwSs3tg.s:24     .text.FATFS_LinkDriverEx:00000000 FATFS_LinkDriverEx
     /tmp/ccwSs3tg.s:113    .text.FATFS_LinkDriverEx:00000048 $d
     /tmp/ccwSs3tg.s:118    .text.FATFS_LinkDriver:00000000 $t
     /tmp/ccwSs3tg.s:123    .text.FATFS_LinkDriver:00000000 FATFS_LinkDriver
     /tmp/ccwSs3tg.s:145    .text.FATFS_UnLinkDriverEx:00000000 $t
     /tmp/ccwSs3tg.s:150    .text.FATFS_UnLinkDriverEx:00000000 FATFS_UnLinkDriverEx
     /tmp/ccwSs3tg.s:205    .text.FATFS_UnLinkDriverEx:0000003c $d
     /tmp/ccwSs3tg.s:210    .text.FATFS_UnLinkDriver:00000000 $t
     /tmp/ccwSs3tg.s:215    .text.FATFS_UnLinkDriver:00000000 FATFS_UnLinkDriver
     /tmp/ccwSs3tg.s:237    .text.FATFS_GetAttachedDriversNbr:00000000 $t
     /tmp/ccwSs3tg.s:242    .text.FATFS_GetAttachedDriversNbr:00000000 FATFS_GetAttachedDriversNbr
     /tmp/ccwSs3tg.s:257    .text.FATFS_GetAttachedDriversNbr:00000008 $d
     /tmp/ccwSs3tg.s:267    .bss.disk:00000000 disk
     /tmp/ccwSs3tg.s:263    .bss.disk:00000000 $d
                     .debug_frame:00000010 $d

NO UNDEFINED SYMBOLS
