ARM GAS  /tmp/ccf6Q879.s 			page 1


   1              		.cpu cortex-m3
   2              		.eabi_attribute 20, 1
   3              		.eabi_attribute 21, 1
   4              		.eabi_attribute 23, 3
   5              		.eabi_attribute 24, 1
   6              		.eabi_attribute 25, 1
   7              		.eabi_attribute 26, 1
   8              		.eabi_attribute 30, 1
   9              		.eabi_attribute 34, 1
  10              		.eabi_attribute 18, 4
  11              		.file	"usart.c"
  12              		.text
  13              	.Ltext0:
  14              		.cfi_sections	.debug_frame
  15              		.section	.text.MX_USART1_UART_Init,"ax",%progbits
  16              		.align	1
  17              		.global	MX_USART1_UART_Init
  18              		.syntax unified
  19              		.thumb
  20              		.thumb_func
  21              		.fpu softvfp
  23              	MX_USART1_UART_Init:
  24              	.LFB64:
  25              		.file 1 "Core/Src/usart.c"
   1:Core/Src/usart.c **** /**
   2:Core/Src/usart.c ****   ******************************************************************************
   3:Core/Src/usart.c ****   * File Name          : USART.c
   4:Core/Src/usart.c ****   * Description        : This file provides code for the configuration
   5:Core/Src/usart.c ****   *                      of the USART instances.
   6:Core/Src/usart.c ****   ******************************************************************************
   7:Core/Src/usart.c ****   * This notice applies to any and all portions of this file
   8:Core/Src/usart.c ****   * that are not between comment pairs USER CODE BEGIN and
   9:Core/Src/usart.c ****   * USER CODE END. Other portions of this file, whether 
  10:Core/Src/usart.c ****   * inserted by the user or by software development tools
  11:Core/Src/usart.c ****   * are owned by their respective copyright owners.
  12:Core/Src/usart.c ****   *
  13:Core/Src/usart.c ****   * Copyright (c) 2018 STMicroelectronics International N.V. 
  14:Core/Src/usart.c ****   * All rights reserved.
  15:Core/Src/usart.c ****   *
  16:Core/Src/usart.c ****   * Redistribution and use in source and binary forms, with or without 
  17:Core/Src/usart.c ****   * modification, are permitted, provided that the following conditions are met:
  18:Core/Src/usart.c ****   *
  19:Core/Src/usart.c ****   * 1. Redistribution of source code must retain the above copyright notice, 
  20:Core/Src/usart.c ****   *    this list of conditions and the following disclaimer.
  21:Core/Src/usart.c ****   * 2. Redistributions in binary form must reproduce the above copyright notice,
  22:Core/Src/usart.c ****   *    this list of conditions and the following disclaimer in the documentation
  23:Core/Src/usart.c ****   *    and/or other materials provided with the distribution.
  24:Core/Src/usart.c ****   * 3. Neither the name of STMicroelectronics nor the names of other 
  25:Core/Src/usart.c ****   *    contributors to this software may be used to endorse or promote products 
  26:Core/Src/usart.c ****   *    derived from this software without specific written permission.
  27:Core/Src/usart.c ****   * 4. This software, including modifications and/or derivative works of this 
  28:Core/Src/usart.c ****   *    software, must execute solely and exclusively on microcontroller or
  29:Core/Src/usart.c ****   *    microprocessor devices manufactured by or for STMicroelectronics.
  30:Core/Src/usart.c ****   * 5. Redistribution and use of this software other than as permitted under 
  31:Core/Src/usart.c ****   *    this license is void and will automatically terminate your rights under 
  32:Core/Src/usart.c ****   *    this license. 
  33:Core/Src/usart.c ****   *
ARM GAS  /tmp/ccf6Q879.s 			page 2


  34:Core/Src/usart.c ****   * THIS SOFTWARE IS PROVIDED BY STMICROELECTRONICS AND CONTRIBUTORS "AS IS" 
  35:Core/Src/usart.c ****   * AND ANY EXPRESS, IMPLIED OR STATUTORY WARRANTIES, INCLUDING, BUT NOT 
  36:Core/Src/usart.c ****   * LIMITED TO, THE IMPLIED WARRANTIES OF MERCHANTABILITY, FITNESS FOR A 
  37:Core/Src/usart.c ****   * PARTICULAR PURPOSE AND NON-INFRINGEMENT OF THIRD PARTY INTELLECTUAL PROPERTY
  38:Core/Src/usart.c ****   * RIGHTS ARE DISCLAIMED TO THE FULLEST EXTENT PERMITTED BY LAW. IN NO EVENT 
  39:Core/Src/usart.c ****   * SHALL STMICROELECTRONICS OR CONTRIBUTORS BE LIABLE FOR ANY DIRECT, INDIRECT,
  40:Core/Src/usart.c ****   * INCIDENTAL, SPECIAL, EXEMPLARY, OR CONSEQUENTIAL DAMAGES (INCLUDING, BUT NOT
  41:Core/Src/usart.c ****   * LIMITED TO, PROCUREMENT OF SUBSTITUTE GOODS OR SERVICES; LOSS OF USE, DATA, 
  42:Core/Src/usart.c ****   * OR PROFITS; OR BUSINESS INTERRUPTION) HOWEVER CAUSED AND ON ANY THEORY OF 
  43:Core/Src/usart.c ****   * LIABILITY, WHETHER IN CONTRACT, STRICT LIABILITY, OR TORT (INCLUDING 
  44:Core/Src/usart.c ****   * NEGLIGENCE OR OTHERWISE) ARISING IN ANY WAY OUT OF THE USE OF THIS SOFTWARE,
  45:Core/Src/usart.c ****   * EVEN IF ADVISED OF THE POSSIBILITY OF SUCH DAMAGE.
  46:Core/Src/usart.c ****   *
  47:Core/Src/usart.c ****   ******************************************************************************
  48:Core/Src/usart.c ****   */
  49:Core/Src/usart.c **** 
  50:Core/Src/usart.c **** /* Includes ------------------------------------------------------------------*/
  51:Core/Src/usart.c **** #include "usart.h"
  52:Core/Src/usart.c **** 
  53:Core/Src/usart.c **** #include "gpio.h"
  54:Core/Src/usart.c **** 
  55:Core/Src/usart.c **** /* USER CODE BEGIN 0 */
  56:Core/Src/usart.c **** 
  57:Core/Src/usart.c **** /* USER CODE END 0 */
  58:Core/Src/usart.c **** 
  59:Core/Src/usart.c **** UART_HandleTypeDef huart1;
  60:Core/Src/usart.c **** 
  61:Core/Src/usart.c **** /* USART1 init function */
  62:Core/Src/usart.c **** 
  63:Core/Src/usart.c **** void MX_USART1_UART_Init(void)
  64:Core/Src/usart.c **** {
  26              		.loc 1 64 0
  27              		.cfi_startproc
  28              		@ args = 0, pretend = 0, frame = 0
  29              		@ frame_needed = 0, uses_anonymous_args = 0
  30 0000 08B5     		push	{r3, lr}
  31              	.LCFI0:
  32              		.cfi_def_cfa_offset 8
  33              		.cfi_offset 3, -8
  34              		.cfi_offset 14, -4
  65:Core/Src/usart.c **** 
  66:Core/Src/usart.c ****   huart1.Instance = USART1;
  35              		.loc 1 66 0
  36 0002 0B48     		ldr	r0, .L5
  37 0004 0B4B     		ldr	r3, .L5+4
  38 0006 0360     		str	r3, [r0]
  67:Core/Src/usart.c ****   huart1.Init.BaudRate = 115200;
  39              		.loc 1 67 0
  40 0008 4FF4E133 		mov	r3, #115200
  41 000c 4360     		str	r3, [r0, #4]
  68:Core/Src/usart.c ****   huart1.Init.WordLength = UART_WORDLENGTH_8B;
  42              		.loc 1 68 0
  43 000e 0023     		movs	r3, #0
  44 0010 8360     		str	r3, [r0, #8]
  69:Core/Src/usart.c ****   huart1.Init.StopBits = UART_STOPBITS_1;
  45              		.loc 1 69 0
  46 0012 C360     		str	r3, [r0, #12]
ARM GAS  /tmp/ccf6Q879.s 			page 3


  70:Core/Src/usart.c ****   huart1.Init.Parity = UART_PARITY_NONE;
  47              		.loc 1 70 0
  48 0014 0361     		str	r3, [r0, #16]
  71:Core/Src/usart.c ****   huart1.Init.Mode = UART_MODE_TX_RX;
  49              		.loc 1 71 0
  50 0016 0C22     		movs	r2, #12
  51 0018 4261     		str	r2, [r0, #20]
  72:Core/Src/usart.c ****   huart1.Init.HwFlowCtl = UART_HWCONTROL_NONE;
  52              		.loc 1 72 0
  53 001a 8361     		str	r3, [r0, #24]
  73:Core/Src/usart.c ****   huart1.Init.OverSampling = UART_OVERSAMPLING_16;
  54              		.loc 1 73 0
  55 001c C361     		str	r3, [r0, #28]
  74:Core/Src/usart.c ****   if (HAL_UART_Init(&huart1) != HAL_OK)
  56              		.loc 1 74 0
  57 001e FFF7FEFF 		bl	HAL_UART_Init
  58              	.LVL0:
  59 0022 00B9     		cbnz	r0, .L4
  60              	.L1:
  61 0024 08BD     		pop	{r3, pc}
  62              	.L4:
  75:Core/Src/usart.c ****   {
  76:Core/Src/usart.c ****     _Error_Handler(__FILE__, __LINE__);
  63              		.loc 1 76 0
  64 0026 4C21     		movs	r1, #76
  65 0028 0348     		ldr	r0, .L5+8
  66 002a FFF7FEFF 		bl	_Error_Handler
  67              	.LVL1:
  77:Core/Src/usart.c ****   }
  78:Core/Src/usart.c **** 
  79:Core/Src/usart.c **** }
  68              		.loc 1 79 0
  69 002e F9E7     		b	.L1
  70              	.L6:
  71              		.align	2
  72              	.L5:
  73 0030 00000000 		.word	huart1
  74 0034 00380140 		.word	1073821696
  75 0038 00000000 		.word	.LC0
  76              		.cfi_endproc
  77              	.LFE64:
  79              		.section	.text.HAL_UART_MspInit,"ax",%progbits
  80              		.align	1
  81              		.global	HAL_UART_MspInit
  82              		.syntax unified
  83              		.thumb
  84              		.thumb_func
  85              		.fpu softvfp
  87              	HAL_UART_MspInit:
  88              	.LFB65:
  80:Core/Src/usart.c **** 
  81:Core/Src/usart.c **** void HAL_UART_MspInit(UART_HandleTypeDef* uartHandle)
  82:Core/Src/usart.c **** {
  89              		.loc 1 82 0
  90              		.cfi_startproc
  91              		@ args = 0, pretend = 0, frame = 24
  92              		@ frame_needed = 0, uses_anonymous_args = 0
ARM GAS  /tmp/ccf6Q879.s 			page 4


  93              	.LVL2:
  83:Core/Src/usart.c **** 
  84:Core/Src/usart.c ****   GPIO_InitTypeDef GPIO_InitStruct;
  85:Core/Src/usart.c ****   if(uartHandle->Instance==USART1)
  94              		.loc 1 85 0
  95 0000 0268     		ldr	r2, [r0]
  96 0002 144B     		ldr	r3, .L14
  97 0004 9A42     		cmp	r2, r3
  98 0006 00D0     		beq	.L13
  99 0008 7047     		bx	lr
 100              	.L13:
  82:Core/Src/usart.c **** 
 101              		.loc 1 82 0
 102 000a 10B5     		push	{r4, lr}
 103              	.LCFI1:
 104              		.cfi_def_cfa_offset 8
 105              		.cfi_offset 4, -8
 106              		.cfi_offset 14, -4
 107 000c 86B0     		sub	sp, sp, #24
 108              	.LCFI2:
 109              		.cfi_def_cfa_offset 32
 110              	.LBB2:
  86:Core/Src/usart.c ****   {
  87:Core/Src/usart.c ****   /* USER CODE BEGIN USART1_MspInit 0 */
  88:Core/Src/usart.c **** 
  89:Core/Src/usart.c ****   /* USER CODE END USART1_MspInit 0 */
  90:Core/Src/usart.c ****     /* USART1 clock enable */
  91:Core/Src/usart.c ****     __HAL_RCC_USART1_CLK_ENABLE();
 111              		.loc 1 91 0
 112 000e 03F55843 		add	r3, r3, #55296
 113 0012 9A69     		ldr	r2, [r3, #24]
 114 0014 42F48042 		orr	r2, r2, #16384
 115 0018 9A61     		str	r2, [r3, #24]
 116 001a 9B69     		ldr	r3, [r3, #24]
 117 001c 03F48043 		and	r3, r3, #16384
 118 0020 0193     		str	r3, [sp, #4]
 119 0022 019B     		ldr	r3, [sp, #4]
 120              	.LBE2:
  92:Core/Src/usart.c ****   
  93:Core/Src/usart.c ****     /**USART1 GPIO Configuration    
  94:Core/Src/usart.c ****     PA9     ------> USART1_TX
  95:Core/Src/usart.c ****     PA10     ------> USART1_RX 
  96:Core/Src/usart.c ****     */
  97:Core/Src/usart.c ****     GPIO_InitStruct.Pin = GPIO_PIN_9;
 121              		.loc 1 97 0
 122 0024 4FF40073 		mov	r3, #512
 123 0028 0293     		str	r3, [sp, #8]
  98:Core/Src/usart.c ****     GPIO_InitStruct.Mode = GPIO_MODE_AF_PP;
 124              		.loc 1 98 0
 125 002a 0223     		movs	r3, #2
 126 002c 0393     		str	r3, [sp, #12]
  99:Core/Src/usart.c ****     GPIO_InitStruct.Speed = GPIO_SPEED_FREQ_HIGH;
 127              		.loc 1 99 0
 128 002e 0323     		movs	r3, #3
 129 0030 0593     		str	r3, [sp, #20]
 100:Core/Src/usart.c ****     HAL_GPIO_Init(GPIOA, &GPIO_InitStruct);
 130              		.loc 1 100 0
ARM GAS  /tmp/ccf6Q879.s 			page 5


 131 0032 094C     		ldr	r4, .L14+4
 132 0034 02A9     		add	r1, sp, #8
 133 0036 2046     		mov	r0, r4
 134              	.LVL3:
 135 0038 FFF7FEFF 		bl	HAL_GPIO_Init
 136              	.LVL4:
 101:Core/Src/usart.c **** 
 102:Core/Src/usart.c ****     GPIO_InitStruct.Pin = GPIO_PIN_10;
 137              		.loc 1 102 0
 138 003c 4FF48063 		mov	r3, #1024
 139 0040 0293     		str	r3, [sp, #8]
 103:Core/Src/usart.c ****     GPIO_InitStruct.Mode = GPIO_MODE_INPUT;
 140              		.loc 1 103 0
 141 0042 0023     		movs	r3, #0
 142 0044 0393     		str	r3, [sp, #12]
 104:Core/Src/usart.c ****     GPIO_InitStruct.Pull = GPIO_NOPULL;
 143              		.loc 1 104 0
 144 0046 0493     		str	r3, [sp, #16]
 105:Core/Src/usart.c ****     HAL_GPIO_Init(GPIOA, &GPIO_InitStruct);
 145              		.loc 1 105 0
 146 0048 02A9     		add	r1, sp, #8
 147 004a 2046     		mov	r0, r4
 148 004c FFF7FEFF 		bl	HAL_GPIO_Init
 149              	.LVL5:
 106:Core/Src/usart.c **** 
 107:Core/Src/usart.c ****   /* USER CODE BEGIN USART1_MspInit 1 */
 108:Core/Src/usart.c **** 
 109:Core/Src/usart.c ****   /* USER CODE END USART1_MspInit 1 */
 110:Core/Src/usart.c ****   }
 111:Core/Src/usart.c **** }
 150              		.loc 1 111 0
 151 0050 06B0     		add	sp, sp, #24
 152              	.LCFI3:
 153              		.cfi_def_cfa_offset 8
 154              		@ sp needed
 155 0052 10BD     		pop	{r4, pc}
 156              	.L15:
 157              		.align	2
 158              	.L14:
 159 0054 00380140 		.word	1073821696
 160 0058 00080140 		.word	1073809408
 161              		.cfi_endproc
 162              	.LFE65:
 164              		.section	.text.HAL_UART_MspDeInit,"ax",%progbits
 165              		.align	1
 166              		.global	HAL_UART_MspDeInit
 167              		.syntax unified
 168              		.thumb
 169              		.thumb_func
 170              		.fpu softvfp
 172              	HAL_UART_MspDeInit:
 173              	.LFB66:
 112:Core/Src/usart.c **** 
 113:Core/Src/usart.c **** void HAL_UART_MspDeInit(UART_HandleTypeDef* uartHandle)
 114:Core/Src/usart.c **** {
 174              		.loc 1 114 0
 175              		.cfi_startproc
ARM GAS  /tmp/ccf6Q879.s 			page 6


 176              		@ args = 0, pretend = 0, frame = 0
 177              		@ frame_needed = 0, uses_anonymous_args = 0
 178              	.LVL6:
 179 0000 08B5     		push	{r3, lr}
 180              	.LCFI4:
 181              		.cfi_def_cfa_offset 8
 182              		.cfi_offset 3, -8
 183              		.cfi_offset 14, -4
 115:Core/Src/usart.c **** 
 116:Core/Src/usart.c ****   if(uartHandle->Instance==USART1)
 184              		.loc 1 116 0
 185 0002 0268     		ldr	r2, [r0]
 186 0004 074B     		ldr	r3, .L20
 187 0006 9A42     		cmp	r2, r3
 188 0008 00D0     		beq	.L19
 189              	.LVL7:
 190              	.L16:
 191 000a 08BD     		pop	{r3, pc}
 192              	.LVL8:
 193              	.L19:
 117:Core/Src/usart.c ****   {
 118:Core/Src/usart.c ****   /* USER CODE BEGIN USART1_MspDeInit 0 */
 119:Core/Src/usart.c **** 
 120:Core/Src/usart.c ****   /* USER CODE END USART1_MspDeInit 0 */
 121:Core/Src/usart.c ****     /* Peripheral clock disable */
 122:Core/Src/usart.c ****     __HAL_RCC_USART1_CLK_DISABLE();
 194              		.loc 1 122 0
 195 000c 064A     		ldr	r2, .L20+4
 196 000e 9369     		ldr	r3, [r2, #24]
 197 0010 23F48043 		bic	r3, r3, #16384
 198 0014 9361     		str	r3, [r2, #24]
 123:Core/Src/usart.c ****   
 124:Core/Src/usart.c ****     /**USART1 GPIO Configuration    
 125:Core/Src/usart.c ****     PA9     ------> USART1_TX
 126:Core/Src/usart.c ****     PA10     ------> USART1_RX 
 127:Core/Src/usart.c ****     */
 128:Core/Src/usart.c ****     HAL_GPIO_DeInit(GPIOA, GPIO_PIN_9|GPIO_PIN_10);
 199              		.loc 1 128 0
 200 0016 4FF4C061 		mov	r1, #1536
 201 001a 0448     		ldr	r0, .L20+8
 202              	.LVL9:
 203 001c FFF7FEFF 		bl	HAL_GPIO_DeInit
 204              	.LVL10:
 129:Core/Src/usart.c **** 
 130:Core/Src/usart.c ****   /* USER CODE BEGIN USART1_MspDeInit 1 */
 131:Core/Src/usart.c **** 
 132:Core/Src/usart.c ****   /* USER CODE END USART1_MspDeInit 1 */
 133:Core/Src/usart.c ****   }
 134:Core/Src/usart.c **** } 
 205              		.loc 1 134 0
 206 0020 F3E7     		b	.L16
 207              	.L21:
 208 0022 00BF     		.align	2
 209              	.L20:
 210 0024 00380140 		.word	1073821696
 211 0028 00100240 		.word	1073876992
 212 002c 00080140 		.word	1073809408
ARM GAS  /tmp/ccf6Q879.s 			page 7


 213              		.cfi_endproc
 214              	.LFE66:
 216              		.comm	huart1,64,4
 217              		.section	.rodata.MX_USART1_UART_Init.str1.4,"aMS",%progbits,1
 218              		.align	2
 219              	.LC0:
 220 0000 436F7265 		.ascii	"Core/Src/usart.c\000"
 220      2F537263 
 220      2F757361 
 220      72742E63 
 220      00
 221              		.text
 222              	.Letext0:
 223              		.file 2 "/usr/include/newlib/machine/_default_types.h"
 224              		.file 3 "/usr/include/newlib/sys/_stdint.h"
 225              		.file 4 "Drivers/CMSIS/Include/core_cm3.h"
 226              		.file 5 "Drivers/CMSIS/Device/ST/STM32F1xx/Include/system_stm32f1xx.h"
 227              		.file 6 "Drivers/CMSIS/Device/ST/STM32F1xx/Include/stm32f103xe.h"
 228              		.file 7 "/usr/include/newlib/sys/lock.h"
 229              		.file 8 "/usr/include/newlib/sys/_types.h"
 230              		.file 9 "/usr/lib/gcc/arm-none-eabi/6.3.1/include/stddef.h"
 231              		.file 10 "/usr/include/newlib/sys/reent.h"
 232              		.file 11 "Drivers/STM32F1xx_HAL_Driver/Inc/stm32f1xx_hal_def.h"
 233              		.file 12 "Drivers/STM32F1xx_HAL_Driver/Inc/stm32f1xx_hal_gpio.h"
 234              		.file 13 "Drivers/STM32F1xx_HAL_Driver/Inc/stm32f1xx_hal_dma.h"
 235              		.file 14 "Drivers/STM32F1xx_HAL_Driver/Inc/stm32f1xx_hal_uart.h"
 236              		.file 15 "Core/Inc/usart.h"
ARM GAS  /tmp/ccf6Q879.s 			page 8


DEFINED SYMBOLS
                            *ABS*:0000000000000000 usart.c
     /tmp/ccf6Q879.s:16     .text.MX_USART1_UART_Init:0000000000000000 $t
     /tmp/ccf6Q879.s:23     .text.MX_USART1_UART_Init:0000000000000000 MX_USART1_UART_Init
     /tmp/ccf6Q879.s:73     .text.MX_USART1_UART_Init:0000000000000030 $d
                            *COM*:0000000000000040 huart1
     /tmp/ccf6Q879.s:80     .text.HAL_UART_MspInit:0000000000000000 $t
     /tmp/ccf6Q879.s:87     .text.HAL_UART_MspInit:0000000000000000 HAL_UART_MspInit
     /tmp/ccf6Q879.s:159    .text.HAL_UART_MspInit:0000000000000054 $d
     /tmp/ccf6Q879.s:165    .text.HAL_UART_MspDeInit:0000000000000000 $t
     /tmp/ccf6Q879.s:172    .text.HAL_UART_MspDeInit:0000000000000000 HAL_UART_MspDeInit
     /tmp/ccf6Q879.s:210    .text.HAL_UART_MspDeInit:0000000000000024 $d
     /tmp/ccf6Q879.s:218    .rodata.MX_USART1_UART_Init.str1.4:0000000000000000 $d
                     .debug_frame:0000000000000010 $d

UNDEFINED SYMBOLS
HAL_UART_Init
_Error_Handler
HAL_GPIO_Init
HAL_GPIO_DeInit
