ARM GAS  /tmp/cc3h9lai.s 			page 1


   1              		.syntax unified
   2              		.cpu cortex-m3
   3              		.fpu softvfp
   4              		.eabi_attribute 20, 1
   5              		.eabi_attribute 21, 1
   6              		.eabi_attribute 23, 3
   7              		.eabi_attribute 24, 1
   8              		.eabi_attribute 25, 1
   9              		.eabi_attribute 26, 1
  10              		.eabi_attribute 30, 1
  11              		.eabi_attribute 34, 1
  12              		.eabi_attribute 18, 4
  13              		.thumb
  14              		.file	"usart.c"
  15              		.text
  16              	.Ltext0:
  17              		.cfi_sections	.debug_frame
  18              		.section	.text.MX_USART1_UART_Init,"ax",%progbits
  19              		.align	2
  20              		.global	MX_USART1_UART_Init
  21              		.thumb
  22              		.thumb_func
  24              	MX_USART1_UART_Init:
  25              	.LFB63:
  26              		.file 1 "Core/Src/usart.c"
   1:Core/Src/usart.c **** /**
   2:Core/Src/usart.c ****   ******************************************************************************
   3:Core/Src/usart.c ****   * File Name          : USART.c
   4:Core/Src/usart.c ****   * Description        : This file provides code for the configuration
   5:Core/Src/usart.c ****   *                      of the USART instances.
   6:Core/Src/usart.c ****   ******************************************************************************
   7:Core/Src/usart.c ****   ** This notice applies to any and all portions of this file
   8:Core/Src/usart.c ****   * that are not between comment pairs USER CODE BEGIN and
   9:Core/Src/usart.c ****   * USER CODE END. Other portions of this file, whether 
  10:Core/Src/usart.c ****   * inserted by the user or by software development tools
  11:Core/Src/usart.c ****   * are owned by their respective copyright owners.
  12:Core/Src/usart.c ****   *
  13:Core/Src/usart.c ****   * COPYRIGHT(c) 2018 STMicroelectronics
  14:Core/Src/usart.c ****   *
  15:Core/Src/usart.c ****   * Redistribution and use in source and binary forms, with or without modification,
  16:Core/Src/usart.c ****   * are permitted provided that the following conditions are met:
  17:Core/Src/usart.c ****   *   1. Redistributions of source code must retain the above copyright notice,
  18:Core/Src/usart.c ****   *      this list of conditions and the following disclaimer.
  19:Core/Src/usart.c ****   *   2. Redistributions in binary form must reproduce the above copyright notice,
  20:Core/Src/usart.c ****   *      this list of conditions and the following disclaimer in the documentation
  21:Core/Src/usart.c ****   *      and/or other materials provided with the distribution.
  22:Core/Src/usart.c ****   *   3. Neither the name of STMicroelectronics nor the names of its contributors
  23:Core/Src/usart.c ****   *      may be used to endorse or promote products derived from this software
  24:Core/Src/usart.c ****   *      without specific prior written permission.
  25:Core/Src/usart.c ****   *
  26:Core/Src/usart.c ****   * THIS SOFTWARE IS PROVIDED BY THE COPYRIGHT HOLDERS AND CONTRIBUTORS "AS IS"
  27:Core/Src/usart.c ****   * AND ANY EXPRESS OR IMPLIED WARRANTIES, INCLUDING, BUT NOT LIMITED TO, THE
  28:Core/Src/usart.c ****   * IMPLIED WARRANTIES OF MERCHANTABILITY AND FITNESS FOR A PARTICULAR PURPOSE ARE
  29:Core/Src/usart.c ****   * DISCLAIMED. IN NO EVENT SHALL THE COPYRIGHT HOLDER OR CONTRIBUTORS BE LIABLE
  30:Core/Src/usart.c ****   * FOR ANY DIRECT, INDIRECT, INCIDENTAL, SPECIAL, EXEMPLARY, OR CONSEQUENTIAL
  31:Core/Src/usart.c ****   * DAMAGES (INCLUDING, BUT NOT LIMITED TO, PROCUREMENT OF SUBSTITUTE GOODS OR
  32:Core/Src/usart.c ****   * SERVICES; LOSS OF USE, DATA, OR PROFITS; OR BUSINESS INTERRUPTION) HOWEVER
ARM GAS  /tmp/cc3h9lai.s 			page 2


  33:Core/Src/usart.c ****   * CAUSED AND ON ANY THEORY OF LIABILITY, WHETHER IN CONTRACT, STRICT LIABILITY,
  34:Core/Src/usart.c ****   * OR TORT (INCLUDING NEGLIGENCE OR OTHERWISE) ARISING IN ANY WAY OUT OF THE USE
  35:Core/Src/usart.c ****   * OF THIS SOFTWARE, EVEN IF ADVISED OF THE POSSIBILITY OF SUCH DAMAGE.
  36:Core/Src/usart.c ****   *
  37:Core/Src/usart.c ****   ******************************************************************************
  38:Core/Src/usart.c ****   */
  39:Core/Src/usart.c **** 
  40:Core/Src/usart.c **** /* Includes ------------------------------------------------------------------*/
  41:Core/Src/usart.c **** #include "usart.h"
  42:Core/Src/usart.c **** 
  43:Core/Src/usart.c **** /* USER CODE BEGIN 0 */
  44:Core/Src/usart.c **** 
  45:Core/Src/usart.c **** /* USER CODE END 0 */
  46:Core/Src/usart.c **** 
  47:Core/Src/usart.c **** UART_HandleTypeDef huart1;
  48:Core/Src/usart.c **** 
  49:Core/Src/usart.c **** /* USART1 init function */
  50:Core/Src/usart.c **** 
  51:Core/Src/usart.c **** void MX_USART1_UART_Init(void)
  52:Core/Src/usart.c **** {
  27              		.loc 1 52 0
  28              		.cfi_startproc
  29              		@ args = 0, pretend = 0, frame = 0
  30              		@ frame_needed = 0, uses_anonymous_args = 0
  31 0000 08B5     		push	{r3, lr}
  32              	.LCFI0:
  33              		.cfi_def_cfa_offset 8
  34              		.cfi_offset 3, -8
  35              		.cfi_offset 14, -4
  53:Core/Src/usart.c **** 
  54:Core/Src/usart.c ****   huart1.Instance = USART1;
  36              		.loc 1 54 0
  37 0002 0A48     		ldr	r0, .L4
  38 0004 0A4B     		ldr	r3, .L4+4
  39 0006 0360     		str	r3, [r0]
  55:Core/Src/usart.c ****   huart1.Init.BaudRate = 115200;
  40              		.loc 1 55 0
  41 0008 4FF4E133 		mov	r3, #115200
  42 000c 4360     		str	r3, [r0, #4]
  56:Core/Src/usart.c ****   huart1.Init.WordLength = UART_WORDLENGTH_8B;
  43              		.loc 1 56 0
  44 000e 0023     		movs	r3, #0
  45 0010 8360     		str	r3, [r0, #8]
  57:Core/Src/usart.c ****   huart1.Init.StopBits = UART_STOPBITS_1;
  46              		.loc 1 57 0
  47 0012 C360     		str	r3, [r0, #12]
  58:Core/Src/usart.c ****   huart1.Init.Parity = UART_PARITY_NONE;
  48              		.loc 1 58 0
  49 0014 0361     		str	r3, [r0, #16]
  59:Core/Src/usart.c ****   huart1.Init.Mode = UART_MODE_TX_RX;
  50              		.loc 1 59 0
  51 0016 0C22     		movs	r2, #12
  52 0018 4261     		str	r2, [r0, #20]
  60:Core/Src/usart.c ****   huart1.Init.HwFlowCtl = UART_HWCONTROL_NONE;
  53              		.loc 1 60 0
  54 001a 8361     		str	r3, [r0, #24]
  61:Core/Src/usart.c ****   huart1.Init.OverSampling = UART_OVERSAMPLING_16;
ARM GAS  /tmp/cc3h9lai.s 			page 3


  55              		.loc 1 61 0
  56 001c C361     		str	r3, [r0, #28]
  62:Core/Src/usart.c ****   if (HAL_UART_Init(&huart1) != HAL_OK)
  57              		.loc 1 62 0
  58 001e FFF7FEFF 		bl	HAL_UART_Init
  59              	.LVL0:
  60 0022 08B1     		cbz	r0, .L1
  63:Core/Src/usart.c ****   {
  64:Core/Src/usart.c ****     Error_Handler();
  61              		.loc 1 64 0
  62 0024 FFF7FEFF 		bl	Error_Handler
  63              	.LVL1:
  64              	.L1:
  65 0028 08BD     		pop	{r3, pc}
  66              	.L5:
  67 002a 00BF     		.align	2
  68              	.L4:
  69 002c 00000000 		.word	huart1
  70 0030 00380140 		.word	1073821696
  71              		.cfi_endproc
  72              	.LFE63:
  74              		.section	.text.HAL_UART_MspInit,"ax",%progbits
  75              		.align	2
  76              		.global	HAL_UART_MspInit
  77              		.thumb
  78              		.thumb_func
  80              	HAL_UART_MspInit:
  81              	.LFB64:
  65:Core/Src/usart.c ****   }
  66:Core/Src/usart.c **** 
  67:Core/Src/usart.c **** }
  68:Core/Src/usart.c **** 
  69:Core/Src/usart.c **** void HAL_UART_MspInit(UART_HandleTypeDef* uartHandle)
  70:Core/Src/usart.c **** {
  82              		.loc 1 70 0
  83              		.cfi_startproc
  84              		@ args = 0, pretend = 0, frame = 24
  85              		@ frame_needed = 0, uses_anonymous_args = 0
  86              	.LVL2:
  87 0000 10B5     		push	{r4, lr}
  88              	.LCFI1:
  89              		.cfi_def_cfa_offset 8
  90              		.cfi_offset 4, -8
  91              		.cfi_offset 14, -4
  92 0002 86B0     		sub	sp, sp, #24
  93              	.LCFI2:
  94              		.cfi_def_cfa_offset 32
  71:Core/Src/usart.c **** 
  72:Core/Src/usart.c ****   GPIO_InitTypeDef GPIO_InitStruct = {0};
  95              		.loc 1 72 0
  96 0004 0023     		movs	r3, #0
  97 0006 0293     		str	r3, [sp, #8]
  98 0008 0393     		str	r3, [sp, #12]
  99 000a 0493     		str	r3, [sp, #16]
 100 000c 0593     		str	r3, [sp, #20]
  73:Core/Src/usart.c ****   if(uartHandle->Instance==USART1)
 101              		.loc 1 73 0
ARM GAS  /tmp/cc3h9lai.s 			page 4


 102 000e 0268     		ldr	r2, [r0]
 103 0010 174B     		ldr	r3, .L9
 104 0012 9A42     		cmp	r2, r3
 105 0014 29D1     		bne	.L6
 106              	.LBB2:
  74:Core/Src/usart.c ****   {
  75:Core/Src/usart.c ****   /* USER CODE BEGIN USART1_MspInit 0 */
  76:Core/Src/usart.c **** 
  77:Core/Src/usart.c ****   /* USER CODE END USART1_MspInit 0 */
  78:Core/Src/usart.c ****     /* USART1 clock enable */
  79:Core/Src/usart.c ****     __HAL_RCC_USART1_CLK_ENABLE();
 107              		.loc 1 79 0
 108 0016 03F55843 		add	r3, r3, #55296
 109 001a 9A69     		ldr	r2, [r3, #24]
 110 001c 42F48042 		orr	r2, r2, #16384
 111 0020 9A61     		str	r2, [r3, #24]
 112 0022 9A69     		ldr	r2, [r3, #24]
 113 0024 02F48042 		and	r2, r2, #16384
 114 0028 0092     		str	r2, [sp]
 115 002a 009A     		ldr	r2, [sp]
 116              	.LBE2:
 117              	.LBB3:
  80:Core/Src/usart.c ****   
  81:Core/Src/usart.c ****     __HAL_RCC_GPIOA_CLK_ENABLE();
 118              		.loc 1 81 0
 119 002c 9A69     		ldr	r2, [r3, #24]
 120 002e 42F00402 		orr	r2, r2, #4
 121 0032 9A61     		str	r2, [r3, #24]
 122 0034 9B69     		ldr	r3, [r3, #24]
 123 0036 03F00403 		and	r3, r3, #4
 124 003a 0193     		str	r3, [sp, #4]
 125 003c 019B     		ldr	r3, [sp, #4]
 126              	.LBE3:
  82:Core/Src/usart.c ****     /**USART1 GPIO Configuration    
  83:Core/Src/usart.c ****     PA9     ------> USART1_TX
  84:Core/Src/usart.c ****     PA10     ------> USART1_RX 
  85:Core/Src/usart.c ****     */
  86:Core/Src/usart.c ****     GPIO_InitStruct.Pin = GPIO_PIN_9;
 127              		.loc 1 86 0
 128 003e 4FF40073 		mov	r3, #512
 129 0042 0293     		str	r3, [sp, #8]
  87:Core/Src/usart.c ****     GPIO_InitStruct.Mode = GPIO_MODE_AF_PP;
 130              		.loc 1 87 0
 131 0044 0223     		movs	r3, #2
 132 0046 0393     		str	r3, [sp, #12]
  88:Core/Src/usart.c ****     GPIO_InitStruct.Speed = GPIO_SPEED_FREQ_HIGH;
 133              		.loc 1 88 0
 134 0048 0323     		movs	r3, #3
 135 004a 0593     		str	r3, [sp, #20]
  89:Core/Src/usart.c ****     HAL_GPIO_Init(GPIOA, &GPIO_InitStruct);
 136              		.loc 1 89 0
 137 004c 094C     		ldr	r4, .L9+4
 138 004e 2046     		mov	r0, r4
 139              	.LVL3:
 140 0050 02A9     		add	r1, sp, #8
 141 0052 FFF7FEFF 		bl	HAL_GPIO_Init
 142              	.LVL4:
ARM GAS  /tmp/cc3h9lai.s 			page 5


  90:Core/Src/usart.c **** 
  91:Core/Src/usart.c ****     GPIO_InitStruct.Pin = GPIO_PIN_10;
 143              		.loc 1 91 0
 144 0056 4FF48063 		mov	r3, #1024
 145 005a 0293     		str	r3, [sp, #8]
  92:Core/Src/usart.c ****     GPIO_InitStruct.Mode = GPIO_MODE_INPUT;
 146              		.loc 1 92 0
 147 005c 0023     		movs	r3, #0
 148 005e 0393     		str	r3, [sp, #12]
  93:Core/Src/usart.c ****     GPIO_InitStruct.Pull = GPIO_NOPULL;
 149              		.loc 1 93 0
 150 0060 0493     		str	r3, [sp, #16]
  94:Core/Src/usart.c ****     HAL_GPIO_Init(GPIOA, &GPIO_InitStruct);
 151              		.loc 1 94 0
 152 0062 2046     		mov	r0, r4
 153 0064 02A9     		add	r1, sp, #8
 154 0066 FFF7FEFF 		bl	HAL_GPIO_Init
 155              	.LVL5:
 156              	.L6:
  95:Core/Src/usart.c **** 
  96:Core/Src/usart.c ****   /* USER CODE BEGIN USART1_MspInit 1 */
  97:Core/Src/usart.c **** 
  98:Core/Src/usart.c ****   /* USER CODE END USART1_MspInit 1 */
  99:Core/Src/usart.c ****   }
 100:Core/Src/usart.c **** }
 157              		.loc 1 100 0
 158 006a 06B0     		add	sp, sp, #24
 159              	.LCFI3:
 160              		.cfi_def_cfa_offset 8
 161              		@ sp needed
 162 006c 10BD     		pop	{r4, pc}
 163              	.L10:
 164 006e 00BF     		.align	2
 165              	.L9:
 166 0070 00380140 		.word	1073821696
 167 0074 00080140 		.word	1073809408
 168              		.cfi_endproc
 169              	.LFE64:
 171              		.section	.text.HAL_UART_MspDeInit,"ax",%progbits
 172              		.align	2
 173              		.global	HAL_UART_MspDeInit
 174              		.thumb
 175              		.thumb_func
 177              	HAL_UART_MspDeInit:
 178              	.LFB65:
 101:Core/Src/usart.c **** 
 102:Core/Src/usart.c **** void HAL_UART_MspDeInit(UART_HandleTypeDef* uartHandle)
 103:Core/Src/usart.c **** {
 179              		.loc 1 103 0
 180              		.cfi_startproc
 181              		@ args = 0, pretend = 0, frame = 0
 182              		@ frame_needed = 0, uses_anonymous_args = 0
 183              	.LVL6:
 184 0000 08B5     		push	{r3, lr}
 185              	.LCFI4:
 186              		.cfi_def_cfa_offset 8
 187              		.cfi_offset 3, -8
ARM GAS  /tmp/cc3h9lai.s 			page 6


 188              		.cfi_offset 14, -4
 104:Core/Src/usart.c **** 
 105:Core/Src/usart.c ****   if(uartHandle->Instance==USART1)
 189              		.loc 1 105 0
 190 0002 0268     		ldr	r2, [r0]
 191 0004 064B     		ldr	r3, .L14
 192 0006 9A42     		cmp	r2, r3
 193 0008 09D1     		bne	.L11
 106:Core/Src/usart.c ****   {
 107:Core/Src/usart.c ****   /* USER CODE BEGIN USART1_MspDeInit 0 */
 108:Core/Src/usart.c **** 
 109:Core/Src/usart.c ****   /* USER CODE END USART1_MspDeInit 0 */
 110:Core/Src/usart.c ****     /* Peripheral clock disable */
 111:Core/Src/usart.c ****     __HAL_RCC_USART1_CLK_DISABLE();
 194              		.loc 1 111 0
 195 000a 064A     		ldr	r2, .L14+4
 196 000c 9369     		ldr	r3, [r2, #24]
 197 000e 23F48043 		bic	r3, r3, #16384
 198 0012 9361     		str	r3, [r2, #24]
 112:Core/Src/usart.c ****   
 113:Core/Src/usart.c ****     /**USART1 GPIO Configuration    
 114:Core/Src/usart.c ****     PA9     ------> USART1_TX
 115:Core/Src/usart.c ****     PA10     ------> USART1_RX 
 116:Core/Src/usart.c ****     */
 117:Core/Src/usart.c ****     HAL_GPIO_DeInit(GPIOA, GPIO_PIN_9|GPIO_PIN_10);
 199              		.loc 1 117 0
 200 0014 0448     		ldr	r0, .L14+8
 201              	.LVL7:
 202 0016 4FF4C061 		mov	r1, #1536
 203 001a FFF7FEFF 		bl	HAL_GPIO_DeInit
 204              	.LVL8:
 205              	.L11:
 206 001e 08BD     		pop	{r3, pc}
 207              	.L15:
 208              		.align	2
 209              	.L14:
 210 0020 00380140 		.word	1073821696
 211 0024 00100240 		.word	1073876992
 212 0028 00080140 		.word	1073809408
 213              		.cfi_endproc
 214              	.LFE65:
 216              		.comm	huart1,64,4
 217              		.text
 218              	.Letext0:
 219              		.file 2 "/opt/gcc-arm-none-eabi-4_9-2015q3/arm-none-eabi/include/machine/_default_types.h"
 220              		.file 3 "/opt/gcc-arm-none-eabi-4_9-2015q3/arm-none-eabi/include/sys/_stdint.h"
 221              		.file 4 "Drivers/CMSIS/Device/ST/STM32F1xx/Include/stm32f103xe.h"
 222              		.file 5 "Drivers/STM32F1xx_HAL_Driver/Inc/stm32f1xx_hal_def.h"
 223              		.file 6 "Drivers/STM32F1xx_HAL_Driver/Inc/stm32f1xx_hal_gpio.h"
 224              		.file 7 "Drivers/STM32F1xx_HAL_Driver/Inc/stm32f1xx_hal_dma.h"
 225              		.file 8 "Drivers/STM32F1xx_HAL_Driver/Inc/stm32f1xx_hal_uart.h"
 226              		.file 9 "Drivers/CMSIS/Include/core_cm3.h"
 227              		.file 10 "Core/Inc/main.h"
ARM GAS  /tmp/cc3h9lai.s 			page 7


DEFINED SYMBOLS
                            *ABS*:00000000 usart.c
     /tmp/cc3h9lai.s:19     .text.MX_USART1_UART_Init:00000000 $t
     /tmp/cc3h9lai.s:24     .text.MX_USART1_UART_Init:00000000 MX_USART1_UART_Init
     /tmp/cc3h9lai.s:69     .text.MX_USART1_UART_Init:0000002c $d
                            *COM*:00000040 huart1
     /tmp/cc3h9lai.s:75     .text.HAL_UART_MspInit:00000000 $t
     /tmp/cc3h9lai.s:80     .text.HAL_UART_MspInit:00000000 HAL_UART_MspInit
     /tmp/cc3h9lai.s:166    .text.HAL_UART_MspInit:00000070 $d
     /tmp/cc3h9lai.s:172    .text.HAL_UART_MspDeInit:00000000 $t
     /tmp/cc3h9lai.s:177    .text.HAL_UART_MspDeInit:00000000 HAL_UART_MspDeInit
     /tmp/cc3h9lai.s:210    .text.HAL_UART_MspDeInit:00000020 $d
                     .debug_frame:00000010 $d

UNDEFINED SYMBOLS
HAL_UART_Init
Error_Handler
HAL_GPIO_Init
HAL_GPIO_DeInit
