ARM GAS  /tmp/ccwn2k9C.s 			page 1


   1              		.syntax unified
   2              		.cpu cortex-m3
   3              		.fpu softvfp
   4              		.eabi_attribute 20, 1
   5              		.eabi_attribute 21, 1
   6              		.eabi_attribute 23, 3
   7              		.eabi_attribute 24, 1
   8              		.eabi_attribute 25, 1
   9              		.eabi_attribute 26, 1
  10              		.eabi_attribute 30, 1
  11              		.eabi_attribute 34, 1
  12              		.eabi_attribute 18, 4
  13              		.thumb
  14              		.file	"sdio.c"
  15              		.text
  16              	.Ltext0:
  17              		.cfi_sections	.debug_frame
  18              		.section	.text.MX_SDIO_SD_Init,"ax",%progbits
  19              		.align	2
  20              		.global	MX_SDIO_SD_Init
  21              		.thumb
  22              		.thumb_func
  24              	MX_SDIO_SD_Init:
  25              	.LFB63:
  26              		.file 1 "Src/sdio.c"
   1:Src/sdio.c    **** /**
   2:Src/sdio.c    ****   ******************************************************************************
   3:Src/sdio.c    ****   * File Name          : SDIO.c
   4:Src/sdio.c    ****   * Description        : This file provides code for the configuration
   5:Src/sdio.c    ****   *                      of the SDIO instances.
   6:Src/sdio.c    ****   ******************************************************************************
   7:Src/sdio.c    ****   * This notice applies to any and all portions of this file
   8:Src/sdio.c    ****   * that are not between comment pairs USER CODE BEGIN and
   9:Src/sdio.c    ****   * USER CODE END. Other portions of this file, whether 
  10:Src/sdio.c    ****   * inserted by the user or by software development tools
  11:Src/sdio.c    ****   * are owned by their respective copyright owners.
  12:Src/sdio.c    ****   *
  13:Src/sdio.c    ****   * Copyright (c) 2018 STMicroelectronics International N.V. 
  14:Src/sdio.c    ****   * All rights reserved.
  15:Src/sdio.c    ****   *
  16:Src/sdio.c    ****   * Redistribution and use in source and binary forms, with or without 
  17:Src/sdio.c    ****   * modification, are permitted, provided that the following conditions are met:
  18:Src/sdio.c    ****   *
  19:Src/sdio.c    ****   * 1. Redistribution of source code must retain the above copyright notice, 
  20:Src/sdio.c    ****   *    this list of conditions and the following disclaimer.
  21:Src/sdio.c    ****   * 2. Redistributions in binary form must reproduce the above copyright notice,
  22:Src/sdio.c    ****   *    this list of conditions and the following disclaimer in the documentation
  23:Src/sdio.c    ****   *    and/or other materials provided with the distribution.
  24:Src/sdio.c    ****   * 3. Neither the name of STMicroelectronics nor the names of other 
  25:Src/sdio.c    ****   *    contributors to this software may be used to endorse or promote products 
  26:Src/sdio.c    ****   *    derived from this software without specific written permission.
  27:Src/sdio.c    ****   * 4. This software, including modifications and/or derivative works of this 
  28:Src/sdio.c    ****   *    software, must execute solely and exclusively on microcontroller or
  29:Src/sdio.c    ****   *    microprocessor devices manufactured by or for STMicroelectronics.
  30:Src/sdio.c    ****   * 5. Redistribution and use of this software other than as permitted under 
  31:Src/sdio.c    ****   *    this license is void and will automatically terminate your rights under 
  32:Src/sdio.c    ****   *    this license. 
ARM GAS  /tmp/ccwn2k9C.s 			page 2


  33:Src/sdio.c    ****   *
  34:Src/sdio.c    ****   * THIS SOFTWARE IS PROVIDED BY STMICROELECTRONICS AND CONTRIBUTORS "AS IS" 
  35:Src/sdio.c    ****   * AND ANY EXPRESS, IMPLIED OR STATUTORY WARRANTIES, INCLUDING, BUT NOT 
  36:Src/sdio.c    ****   * LIMITED TO, THE IMPLIED WARRANTIES OF MERCHANTABILITY, FITNESS FOR A 
  37:Src/sdio.c    ****   * PARTICULAR PURPOSE AND NON-INFRINGEMENT OF THIRD PARTY INTELLECTUAL PROPERTY
  38:Src/sdio.c    ****   * RIGHTS ARE DISCLAIMED TO THE FULLEST EXTENT PERMITTED BY LAW. IN NO EVENT 
  39:Src/sdio.c    ****   * SHALL STMICROELECTRONICS OR CONTRIBUTORS BE LIABLE FOR ANY DIRECT, INDIRECT,
  40:Src/sdio.c    ****   * INCIDENTAL, SPECIAL, EXEMPLARY, OR CONSEQUENTIAL DAMAGES (INCLUDING, BUT NOT
  41:Src/sdio.c    ****   * LIMITED TO, PROCUREMENT OF SUBSTITUTE GOODS OR SERVICES; LOSS OF USE, DATA, 
  42:Src/sdio.c    ****   * OR PROFITS; OR BUSINESS INTERRUPTION) HOWEVER CAUSED AND ON ANY THEORY OF 
  43:Src/sdio.c    ****   * LIABILITY, WHETHER IN CONTRACT, STRICT LIABILITY, OR TORT (INCLUDING 
  44:Src/sdio.c    ****   * NEGLIGENCE OR OTHERWISE) ARISING IN ANY WAY OUT OF THE USE OF THIS SOFTWARE,
  45:Src/sdio.c    ****   * EVEN IF ADVISED OF THE POSSIBILITY OF SUCH DAMAGE.
  46:Src/sdio.c    ****   *
  47:Src/sdio.c    ****   ******************************************************************************
  48:Src/sdio.c    ****   */
  49:Src/sdio.c    **** 
  50:Src/sdio.c    **** /* Includes ------------------------------------------------------------------*/
  51:Src/sdio.c    **** #include "sdio.h"
  52:Src/sdio.c    **** 
  53:Src/sdio.c    **** #include "gpio.h"
  54:Src/sdio.c    **** 
  55:Src/sdio.c    **** /* USER CODE BEGIN 0 */
  56:Src/sdio.c    **** 
  57:Src/sdio.c    **** /* USER CODE END 0 */
  58:Src/sdio.c    **** 
  59:Src/sdio.c    **** SD_HandleTypeDef hsd;
  60:Src/sdio.c    **** 
  61:Src/sdio.c    **** /* SDIO init function */
  62:Src/sdio.c    **** 
  63:Src/sdio.c    **** void MX_SDIO_SD_Init(void)
  64:Src/sdio.c    **** {
  27              		.loc 1 64 0
  28              		.cfi_startproc
  29              		@ args = 0, pretend = 0, frame = 0
  30              		@ frame_needed = 0, uses_anonymous_args = 0
  31 0000 08B5     		push	{r3, lr}
  32              	.LCFI0:
  33              		.cfi_def_cfa_offset 8
  34              		.cfi_offset 3, -8
  35              		.cfi_offset 14, -4
  65:Src/sdio.c    **** 
  66:Src/sdio.c    ****   hsd.Instance = SDIO;
  36              		.loc 1 66 0
  37 0002 0E48     		ldr	r0, .L5
  38 0004 0E4B     		ldr	r3, .L5+4
  39 0006 0360     		str	r3, [r0]
  67:Src/sdio.c    ****   hsd.Init.ClockEdge = SDIO_CLOCK_EDGE_RISING;
  40              		.loc 1 67 0
  41 0008 0023     		movs	r3, #0
  42 000a 4360     		str	r3, [r0, #4]
  68:Src/sdio.c    ****   hsd.Init.ClockBypass = SDIO_CLOCK_BYPASS_DISABLE;
  43              		.loc 1 68 0
  44 000c 8360     		str	r3, [r0, #8]
  69:Src/sdio.c    ****   hsd.Init.ClockPowerSave = SDIO_CLOCK_POWER_SAVE_DISABLE;
  45              		.loc 1 69 0
  46 000e C360     		str	r3, [r0, #12]
ARM GAS  /tmp/ccwn2k9C.s 			page 3


  70:Src/sdio.c    ****   hsd.Init.BusWide = SDIO_BUS_WIDE_1B;
  47              		.loc 1 70 0
  48 0010 0361     		str	r3, [r0, #16]
  71:Src/sdio.c    ****   hsd.Init.HardwareFlowControl = SDIO_HARDWARE_FLOW_CONTROL_DISABLE;
  49              		.loc 1 71 0
  50 0012 4361     		str	r3, [r0, #20]
  72:Src/sdio.c    ****   hsd.Init.ClockDiv = 0;
  51              		.loc 1 72 0
  52 0014 8361     		str	r3, [r0, #24]
  73:Src/sdio.c    ****   if (HAL_SD_Init(&hsd) != HAL_OK)
  53              		.loc 1 73 0
  54 0016 FFF7FEFF 		bl	HAL_SD_Init
  55              	.LVL0:
  56 001a 18B1     		cbz	r0, .L2
  74:Src/sdio.c    ****   {
  75:Src/sdio.c    ****     _Error_Handler(__FILE__, __LINE__);
  57              		.loc 1 75 0
  58 001c 0948     		ldr	r0, .L5+8
  59 001e 4B21     		movs	r1, #75
  60 0020 FFF7FEFF 		bl	_Error_Handler
  61              	.LVL1:
  62              	.L2:
  76:Src/sdio.c    ****   }
  77:Src/sdio.c    **** 
  78:Src/sdio.c    ****   if (HAL_SD_ConfigWideBusOperation(&hsd, SDIO_BUS_WIDE_4B) != HAL_OK)
  63              		.loc 1 78 0
  64 0024 0548     		ldr	r0, .L5
  65 0026 4FF40061 		mov	r1, #2048
  66 002a FFF7FEFF 		bl	HAL_SD_ConfigWideBusOperation
  67              	.LVL2:
  68 002e 18B1     		cbz	r0, .L1
  79:Src/sdio.c    ****   {
  80:Src/sdio.c    ****     _Error_Handler(__FILE__, __LINE__);
  69              		.loc 1 80 0
  70 0030 0448     		ldr	r0, .L5+8
  71 0032 5021     		movs	r1, #80
  72 0034 FFF7FEFF 		bl	_Error_Handler
  73              	.LVL3:
  74              	.L1:
  75 0038 08BD     		pop	{r3, pc}
  76              	.L6:
  77 003a 00BF     		.align	2
  78              	.L5:
  79 003c 00000000 		.word	hsd
  80 0040 00800140 		.word	1073840128
  81 0044 00000000 		.word	.LC0
  82              		.cfi_endproc
  83              	.LFE63:
  85              		.section	.text.HAL_SD_MspInit,"ax",%progbits
  86              		.align	2
  87              		.global	HAL_SD_MspInit
  88              		.thumb
  89              		.thumb_func
  91              	HAL_SD_MspInit:
  92              	.LFB64:
  81:Src/sdio.c    ****   }
  82:Src/sdio.c    **** 
ARM GAS  /tmp/ccwn2k9C.s 			page 4


  83:Src/sdio.c    **** }
  84:Src/sdio.c    **** 
  85:Src/sdio.c    **** void HAL_SD_MspInit(SD_HandleTypeDef* sdHandle)
  86:Src/sdio.c    **** {
  93              		.loc 1 86 0
  94              		.cfi_startproc
  95              		@ args = 0, pretend = 0, frame = 24
  96              		@ frame_needed = 0, uses_anonymous_args = 0
  97              	.LVL4:
  87:Src/sdio.c    **** 
  88:Src/sdio.c    ****   GPIO_InitTypeDef GPIO_InitStruct;
  89:Src/sdio.c    ****   if(sdHandle->Instance==SDIO)
  98              		.loc 1 89 0
  99 0000 0268     		ldr	r2, [r0]
 100 0002 134B     		ldr	r3, .L11
 101 0004 9A42     		cmp	r2, r3
 102 0006 21D1     		bne	.L10
  86:Src/sdio.c    **** 
 103              		.loc 1 86 0
 104 0008 30B5     		push	{r4, r5, lr}
 105              	.LCFI1:
 106              		.cfi_def_cfa_offset 12
 107              		.cfi_offset 4, -12
 108              		.cfi_offset 5, -8
 109              		.cfi_offset 14, -4
 110 000a 87B0     		sub	sp, sp, #28
 111              	.LCFI2:
 112              		.cfi_def_cfa_offset 40
 113              	.LBB2:
  90:Src/sdio.c    ****   {
  91:Src/sdio.c    ****   /* USER CODE BEGIN SDIO_MspInit 0 */
  92:Src/sdio.c    **** 
  93:Src/sdio.c    ****   /* USER CODE END SDIO_MspInit 0 */
  94:Src/sdio.c    ****     /* SDIO clock enable */
  95:Src/sdio.c    ****     __HAL_RCC_SDIO_CLK_ENABLE();
 114              		.loc 1 95 0
 115 000c 03F51043 		add	r3, r3, #36864
 116 0010 5A69     		ldr	r2, [r3, #20]
 117 0012 42F48062 		orr	r2, r2, #1024
 118 0016 5A61     		str	r2, [r3, #20]
 119 0018 5B69     		ldr	r3, [r3, #20]
 120 001a 03F48063 		and	r3, r3, #1024
 121 001e 0193     		str	r3, [sp, #4]
 122 0020 019B     		ldr	r3, [sp, #4]
 123              	.LBE2:
  96:Src/sdio.c    ****   
  97:Src/sdio.c    ****     /**SDIO GPIO Configuration    
  98:Src/sdio.c    ****     PC8     ------> SDIO_D0
  99:Src/sdio.c    ****     PC9     ------> SDIO_D1
 100:Src/sdio.c    ****     PC10     ------> SDIO_D2
 101:Src/sdio.c    ****     PC11     ------> SDIO_D3
 102:Src/sdio.c    ****     PC12     ------> SDIO_CK
 103:Src/sdio.c    ****     PD2     ------> SDIO_CMD 
 104:Src/sdio.c    ****     */
 105:Src/sdio.c    ****     GPIO_InitStruct.Pin = GPIO_PIN_8|GPIO_PIN_9|GPIO_PIN_10|GPIO_PIN_11 
 124              		.loc 1 105 0
 125 0022 4FF4F853 		mov	r3, #7936
ARM GAS  /tmp/ccwn2k9C.s 			page 5


 126 0026 0293     		str	r3, [sp, #8]
 106:Src/sdio.c    ****                           |GPIO_PIN_12;
 107:Src/sdio.c    ****     GPIO_InitStruct.Mode = GPIO_MODE_AF_PP;
 127              		.loc 1 107 0
 128 0028 0225     		movs	r5, #2
 129 002a 0395     		str	r5, [sp, #12]
 108:Src/sdio.c    ****     GPIO_InitStruct.Speed = GPIO_SPEED_FREQ_HIGH;
 130              		.loc 1 108 0
 131 002c 0324     		movs	r4, #3
 132 002e 0594     		str	r4, [sp, #20]
 109:Src/sdio.c    ****     HAL_GPIO_Init(GPIOC, &GPIO_InitStruct);
 133              		.loc 1 109 0
 134 0030 0848     		ldr	r0, .L11+4
 135              	.LVL5:
 136 0032 02A9     		add	r1, sp, #8
 137 0034 FFF7FEFF 		bl	HAL_GPIO_Init
 138              	.LVL6:
 110:Src/sdio.c    **** 
 111:Src/sdio.c    ****     GPIO_InitStruct.Pin = GPIO_PIN_2;
 139              		.loc 1 111 0
 140 0038 0423     		movs	r3, #4
 141 003a 0293     		str	r3, [sp, #8]
 112:Src/sdio.c    ****     GPIO_InitStruct.Mode = GPIO_MODE_AF_PP;
 142              		.loc 1 112 0
 143 003c 0395     		str	r5, [sp, #12]
 113:Src/sdio.c    ****     GPIO_InitStruct.Speed = GPIO_SPEED_FREQ_HIGH;
 144              		.loc 1 113 0
 145 003e 0594     		str	r4, [sp, #20]
 114:Src/sdio.c    ****     HAL_GPIO_Init(GPIOD, &GPIO_InitStruct);
 146              		.loc 1 114 0
 147 0040 0548     		ldr	r0, .L11+8
 148 0042 02A9     		add	r1, sp, #8
 149 0044 FFF7FEFF 		bl	HAL_GPIO_Init
 150              	.LVL7:
 115:Src/sdio.c    **** 
 116:Src/sdio.c    ****   /* USER CODE BEGIN SDIO_MspInit 1 */
 117:Src/sdio.c    **** 
 118:Src/sdio.c    ****   /* USER CODE END SDIO_MspInit 1 */
 119:Src/sdio.c    ****   }
 120:Src/sdio.c    **** }
 151              		.loc 1 120 0
 152 0048 07B0     		add	sp, sp, #28
 153              	.LCFI3:
 154              		.cfi_def_cfa_offset 12
 155              		@ sp needed
 156 004a 30BD     		pop	{r4, r5, pc}
 157              	.LVL8:
 158              	.L10:
 159              	.LCFI4:
 160              		.cfi_def_cfa_offset 0
 161              		.cfi_restore 4
 162              		.cfi_restore 5
 163              		.cfi_restore 14
 164 004c 7047     		bx	lr
 165              	.L12:
 166 004e 00BF     		.align	2
 167              	.L11:
ARM GAS  /tmp/ccwn2k9C.s 			page 6


 168 0050 00800140 		.word	1073840128
 169 0054 00100140 		.word	1073811456
 170 0058 00140140 		.word	1073812480
 171              		.cfi_endproc
 172              	.LFE64:
 174              		.section	.text.HAL_SD_MspDeInit,"ax",%progbits
 175              		.align	2
 176              		.global	HAL_SD_MspDeInit
 177              		.thumb
 178              		.thumb_func
 180              	HAL_SD_MspDeInit:
 181              	.LFB65:
 121:Src/sdio.c    **** 
 122:Src/sdio.c    **** void HAL_SD_MspDeInit(SD_HandleTypeDef* sdHandle)
 123:Src/sdio.c    **** {
 182              		.loc 1 123 0
 183              		.cfi_startproc
 184              		@ args = 0, pretend = 0, frame = 0
 185              		@ frame_needed = 0, uses_anonymous_args = 0
 186              	.LVL9:
 187 0000 08B5     		push	{r3, lr}
 188              	.LCFI5:
 189              		.cfi_def_cfa_offset 8
 190              		.cfi_offset 3, -8
 191              		.cfi_offset 14, -4
 124:Src/sdio.c    **** 
 125:Src/sdio.c    ****   if(sdHandle->Instance==SDIO)
 192              		.loc 1 125 0
 193 0002 0268     		ldr	r2, [r0]
 194 0004 084B     		ldr	r3, .L16
 195 0006 9A42     		cmp	r2, r3
 196 0008 0DD1     		bne	.L13
 126:Src/sdio.c    ****   {
 127:Src/sdio.c    ****   /* USER CODE BEGIN SDIO_MspDeInit 0 */
 128:Src/sdio.c    **** 
 129:Src/sdio.c    ****   /* USER CODE END SDIO_MspDeInit 0 */
 130:Src/sdio.c    ****     /* Peripheral clock disable */
 131:Src/sdio.c    ****     __HAL_RCC_SDIO_CLK_DISABLE();
 197              		.loc 1 131 0
 198 000a 084A     		ldr	r2, .L16+4
 199 000c 5369     		ldr	r3, [r2, #20]
 200 000e 23F48063 		bic	r3, r3, #1024
 201 0012 5361     		str	r3, [r2, #20]
 132:Src/sdio.c    ****   
 133:Src/sdio.c    ****     /**SDIO GPIO Configuration    
 134:Src/sdio.c    ****     PC8     ------> SDIO_D0
 135:Src/sdio.c    ****     PC9     ------> SDIO_D1
 136:Src/sdio.c    ****     PC10     ------> SDIO_D2
 137:Src/sdio.c    ****     PC11     ------> SDIO_D3
 138:Src/sdio.c    ****     PC12     ------> SDIO_CK
 139:Src/sdio.c    ****     PD2     ------> SDIO_CMD 
 140:Src/sdio.c    ****     */
 141:Src/sdio.c    ****     HAL_GPIO_DeInit(GPIOC, GPIO_PIN_8|GPIO_PIN_9|GPIO_PIN_10|GPIO_PIN_11 
 202              		.loc 1 141 0
 203 0014 0648     		ldr	r0, .L16+8
 204              	.LVL10:
 205 0016 4FF4F851 		mov	r1, #7936
ARM GAS  /tmp/ccwn2k9C.s 			page 7


 206 001a FFF7FEFF 		bl	HAL_GPIO_DeInit
 207              	.LVL11:
 142:Src/sdio.c    ****                           |GPIO_PIN_12);
 143:Src/sdio.c    **** 
 144:Src/sdio.c    ****     HAL_GPIO_DeInit(GPIOD, GPIO_PIN_2);
 208              		.loc 1 144 0
 209 001e 0548     		ldr	r0, .L16+12
 210 0020 0421     		movs	r1, #4
 211 0022 FFF7FEFF 		bl	HAL_GPIO_DeInit
 212              	.LVL12:
 213              	.L13:
 214 0026 08BD     		pop	{r3, pc}
 215              	.L17:
 216              		.align	2
 217              	.L16:
 218 0028 00800140 		.word	1073840128
 219 002c 00100240 		.word	1073876992
 220 0030 00100140 		.word	1073811456
 221 0034 00140140 		.word	1073812480
 222              		.cfi_endproc
 223              	.LFE65:
 225              		.comm	hsd,132,4
 226              		.section	.rodata.str1.4,"aMS",%progbits,1
 227              		.align	2
 228              	.LC0:
 229 0000 5372632F 		.ascii	"Src/sdio.c\000"
 229      7364696F 
 229      2E6300
 230              		.text
 231              	.Letext0:
 232              		.file 2 "/usr/include/newlib/machine/_default_types.h"
 233              		.file 3 "/usr/include/newlib/sys/_stdint.h"
 234              		.file 4 "Drivers/CMSIS/Device/ST/STM32F1xx/Include/stm32f103xe.h"
 235              		.file 5 "Drivers/STM32F1xx_HAL_Driver/Inc/stm32f1xx_hal_def.h"
 236              		.file 6 "Drivers/STM32F1xx_HAL_Driver/Inc/stm32f1xx_hal_gpio.h"
 237              		.file 7 "Drivers/STM32F1xx_HAL_Driver/Inc/stm32f1xx_hal_dma.h"
 238              		.file 8 "Drivers/STM32F1xx_HAL_Driver/Inc/stm32f1xx_ll_sdmmc.h"
 239              		.file 9 "Drivers/STM32F1xx_HAL_Driver/Inc/stm32f1xx_hal_sd.h"
 240              		.file 10 "Inc/sdio.h"
 241              		.file 11 "Drivers/CMSIS/Include/core_cm3.h"
ARM GAS  /tmp/ccwn2k9C.s 			page 8


DEFINED SYMBOLS
                            *ABS*:0000000000000000 sdio.c
     /tmp/ccwn2k9C.s:19     .text.MX_SDIO_SD_Init:0000000000000000 $t
     /tmp/ccwn2k9C.s:24     .text.MX_SDIO_SD_Init:0000000000000000 MX_SDIO_SD_Init
     /tmp/ccwn2k9C.s:79     .text.MX_SDIO_SD_Init:000000000000003c $d
                            *COM*:0000000000000084 hsd
     /tmp/ccwn2k9C.s:86     .text.HAL_SD_MspInit:0000000000000000 $t
     /tmp/ccwn2k9C.s:91     .text.HAL_SD_MspInit:0000000000000000 HAL_SD_MspInit
     /tmp/ccwn2k9C.s:168    .text.HAL_SD_MspInit:0000000000000050 $d
     /tmp/ccwn2k9C.s:175    .text.HAL_SD_MspDeInit:0000000000000000 $t
     /tmp/ccwn2k9C.s:180    .text.HAL_SD_MspDeInit:0000000000000000 HAL_SD_MspDeInit
     /tmp/ccwn2k9C.s:218    .text.HAL_SD_MspDeInit:0000000000000028 $d
     /tmp/ccwn2k9C.s:227    .rodata.str1.4:0000000000000000 $d
                     .debug_frame:0000000000000010 $d

UNDEFINED SYMBOLS
HAL_SD_Init
_Error_Handler
HAL_SD_ConfigWideBusOperation
HAL_GPIO_Init
HAL_GPIO_DeInit
