ARM GAS  /tmp/ccHIbUKP.s 			page 1


   1              		.syntax unified
   2              		.cpu cortex-m3
   3              		.fpu softvfp
   4              		.eabi_attribute 20, 1
   5              		.eabi_attribute 21, 1
   6              		.eabi_attribute 23, 3
   7              		.eabi_attribute 24, 1
   8              		.eabi_attribute 25, 1
   9              		.eabi_attribute 26, 1
  10              		.eabi_attribute 30, 1
  11              		.eabi_attribute 34, 1
  12              		.eabi_attribute 18, 4
  13              		.thumb
  14              		.file	"usb.c"
  15              		.text
  16              	.Ltext0:
  17              		.cfi_sections	.debug_frame
  18              		.section	.text.MX_USB_PCD_Init,"ax",%progbits
  19              		.align	2
  20              		.global	MX_USB_PCD_Init
  21              		.thumb
  22              		.thumb_func
  24              	MX_USB_PCD_Init:
  25              	.LFB63:
  26              		.file 1 "Src/usb.c"
   1:Src/usb.c     **** /**
   2:Src/usb.c     ****   ******************************************************************************
   3:Src/usb.c     ****   * File Name          : USB.c
   4:Src/usb.c     ****   * Description        : This file provides code for the configuration
   5:Src/usb.c     ****   *                      of the USB instances.
   6:Src/usb.c     ****   ******************************************************************************
   7:Src/usb.c     ****   * This notice applies to any and all portions of this file
   8:Src/usb.c     ****   * that are not between comment pairs USER CODE BEGIN and
   9:Src/usb.c     ****   * USER CODE END. Other portions of this file, whether 
  10:Src/usb.c     ****   * inserted by the user or by software development tools
  11:Src/usb.c     ****   * are owned by their respective copyright owners.
  12:Src/usb.c     ****   *
  13:Src/usb.c     ****   * Copyright (c) 2018 STMicroelectronics International N.V. 
  14:Src/usb.c     ****   * All rights reserved.
  15:Src/usb.c     ****   *
  16:Src/usb.c     ****   * Redistribution and use in source and binary forms, with or without 
  17:Src/usb.c     ****   * modification, are permitted, provided that the following conditions are met:
  18:Src/usb.c     ****   *
  19:Src/usb.c     ****   * 1. Redistribution of source code must retain the above copyright notice, 
  20:Src/usb.c     ****   *    this list of conditions and the following disclaimer.
  21:Src/usb.c     ****   * 2. Redistributions in binary form must reproduce the above copyright notice,
  22:Src/usb.c     ****   *    this list of conditions and the following disclaimer in the documentation
  23:Src/usb.c     ****   *    and/or other materials provided with the distribution.
  24:Src/usb.c     ****   * 3. Neither the name of STMicroelectronics nor the names of other 
  25:Src/usb.c     ****   *    contributors to this software may be used to endorse or promote products 
  26:Src/usb.c     ****   *    derived from this software without specific written permission.
  27:Src/usb.c     ****   * 4. This software, including modifications and/or derivative works of this 
  28:Src/usb.c     ****   *    software, must execute solely and exclusively on microcontroller or
  29:Src/usb.c     ****   *    microprocessor devices manufactured by or for STMicroelectronics.
  30:Src/usb.c     ****   * 5. Redistribution and use of this software other than as permitted under 
  31:Src/usb.c     ****   *    this license is void and will automatically terminate your rights under 
  32:Src/usb.c     ****   *    this license. 
ARM GAS  /tmp/ccHIbUKP.s 			page 2


  33:Src/usb.c     ****   *
  34:Src/usb.c     ****   * THIS SOFTWARE IS PROVIDED BY STMICROELECTRONICS AND CONTRIBUTORS "AS IS" 
  35:Src/usb.c     ****   * AND ANY EXPRESS, IMPLIED OR STATUTORY WARRANTIES, INCLUDING, BUT NOT 
  36:Src/usb.c     ****   * LIMITED TO, THE IMPLIED WARRANTIES OF MERCHANTABILITY, FITNESS FOR A 
  37:Src/usb.c     ****   * PARTICULAR PURPOSE AND NON-INFRINGEMENT OF THIRD PARTY INTELLECTUAL PROPERTY
  38:Src/usb.c     ****   * RIGHTS ARE DISCLAIMED TO THE FULLEST EXTENT PERMITTED BY LAW. IN NO EVENT 
  39:Src/usb.c     ****   * SHALL STMICROELECTRONICS OR CONTRIBUTORS BE LIABLE FOR ANY DIRECT, INDIRECT,
  40:Src/usb.c     ****   * INCIDENTAL, SPECIAL, EXEMPLARY, OR CONSEQUENTIAL DAMAGES (INCLUDING, BUT NOT
  41:Src/usb.c     ****   * LIMITED TO, PROCUREMENT OF SUBSTITUTE GOODS OR SERVICES; LOSS OF USE, DATA, 
  42:Src/usb.c     ****   * OR PROFITS; OR BUSINESS INTERRUPTION) HOWEVER CAUSED AND ON ANY THEORY OF 
  43:Src/usb.c     ****   * LIABILITY, WHETHER IN CONTRACT, STRICT LIABILITY, OR TORT (INCLUDING 
  44:Src/usb.c     ****   * NEGLIGENCE OR OTHERWISE) ARISING IN ANY WAY OUT OF THE USE OF THIS SOFTWARE,
  45:Src/usb.c     ****   * EVEN IF ADVISED OF THE POSSIBILITY OF SUCH DAMAGE.
  46:Src/usb.c     ****   *
  47:Src/usb.c     ****   ******************************************************************************
  48:Src/usb.c     ****   */
  49:Src/usb.c     **** 
  50:Src/usb.c     **** /* Includes ------------------------------------------------------------------*/
  51:Src/usb.c     **** #include "usb.h"
  52:Src/usb.c     **** 
  53:Src/usb.c     **** /* USER CODE BEGIN 0 */
  54:Src/usb.c     **** 
  55:Src/usb.c     **** /* USER CODE END 0 */
  56:Src/usb.c     **** 
  57:Src/usb.c     **** PCD_HandleTypeDef hpcd_USB_FS;
  58:Src/usb.c     **** 
  59:Src/usb.c     **** /* USB init function */
  60:Src/usb.c     **** 
  61:Src/usb.c     **** void MX_USB_PCD_Init(void)
  62:Src/usb.c     **** {
  27              		.loc 1 62 0
  28              		.cfi_startproc
  29              		@ args = 0, pretend = 0, frame = 0
  30              		@ frame_needed = 0, uses_anonymous_args = 0
  31 0000 08B5     		push	{r3, lr}
  32              	.LCFI0:
  33              		.cfi_def_cfa_offset 8
  34              		.cfi_offset 3, -8
  35              		.cfi_offset 14, -4
  63:Src/usb.c     **** 
  64:Src/usb.c     ****   hpcd_USB_FS.Instance = USB;
  36              		.loc 1 64 0
  37 0002 0A48     		ldr	r0, .L4
  38 0004 0A4B     		ldr	r3, .L4+4
  39 0006 0360     		str	r3, [r0]
  65:Src/usb.c     ****   hpcd_USB_FS.Init.dev_endpoints = 8;
  40              		.loc 1 65 0
  41 0008 0823     		movs	r3, #8
  42 000a 4360     		str	r3, [r0, #4]
  66:Src/usb.c     ****   hpcd_USB_FS.Init.speed = PCD_SPEED_FULL;
  43              		.loc 1 66 0
  44 000c 0223     		movs	r3, #2
  45 000e 8360     		str	r3, [r0, #8]
  67:Src/usb.c     ****   hpcd_USB_FS.Init.ep0_mps = DEP0CTL_MPS_8;
  46              		.loc 1 67 0
  47 0010 0323     		movs	r3, #3
  48 0012 C360     		str	r3, [r0, #12]
ARM GAS  /tmp/ccHIbUKP.s 			page 3


  68:Src/usb.c     ****   hpcd_USB_FS.Init.low_power_enable = DISABLE;
  49              		.loc 1 68 0
  50 0014 0023     		movs	r3, #0
  51 0016 8361     		str	r3, [r0, #24]
  69:Src/usb.c     ****   hpcd_USB_FS.Init.lpm_enable = DISABLE;
  52              		.loc 1 69 0
  53 0018 C361     		str	r3, [r0, #28]
  70:Src/usb.c     ****   hpcd_USB_FS.Init.battery_charging_enable = DISABLE;
  54              		.loc 1 70 0
  55 001a 0362     		str	r3, [r0, #32]
  71:Src/usb.c     ****   if (HAL_PCD_Init(&hpcd_USB_FS) != HAL_OK)
  56              		.loc 1 71 0
  57 001c FFF7FEFF 		bl	HAL_PCD_Init
  58              	.LVL0:
  59 0020 18B1     		cbz	r0, .L1
  72:Src/usb.c     ****   {
  73:Src/usb.c     ****     _Error_Handler(__FILE__, __LINE__);
  60              		.loc 1 73 0
  61 0022 0448     		ldr	r0, .L4+8
  62 0024 4921     		movs	r1, #73
  63 0026 FFF7FEFF 		bl	_Error_Handler
  64              	.LVL1:
  65              	.L1:
  66 002a 08BD     		pop	{r3, pc}
  67              	.L5:
  68              		.align	2
  69              	.L4:
  70 002c 00000000 		.word	hpcd_USB_FS
  71 0030 005C0040 		.word	1073765376
  72 0034 00000000 		.word	.LC0
  73              		.cfi_endproc
  74              	.LFE63:
  76              		.section	.text.HAL_PCD_MspInit,"ax",%progbits
  77              		.align	2
  78              		.global	HAL_PCD_MspInit
  79              		.thumb
  80              		.thumb_func
  82              	HAL_PCD_MspInit:
  83              	.LFB64:
  74:Src/usb.c     ****   }
  75:Src/usb.c     **** 
  76:Src/usb.c     **** }
  77:Src/usb.c     **** 
  78:Src/usb.c     **** void HAL_PCD_MspInit(PCD_HandleTypeDef* pcdHandle)
  79:Src/usb.c     **** {
  84              		.loc 1 79 0
  85              		.cfi_startproc
  86              		@ args = 0, pretend = 0, frame = 8
  87              		@ frame_needed = 0, uses_anonymous_args = 0
  88              		@ link register save eliminated.
  89              	.LVL2:
  80:Src/usb.c     **** 
  81:Src/usb.c     ****   if(pcdHandle->Instance==USB)
  90              		.loc 1 81 0
  91 0000 0268     		ldr	r2, [r0]
  92 0002 084B     		ldr	r3, .L11
  93 0004 9A42     		cmp	r2, r3
ARM GAS  /tmp/ccHIbUKP.s 			page 4


  94 0006 0CD1     		bne	.L10
  79:Src/usb.c     **** 
  95              		.loc 1 79 0
  96 0008 82B0     		sub	sp, sp, #8
  97              	.LCFI1:
  98              		.cfi_def_cfa_offset 8
  99              	.LBB2:
  82:Src/usb.c     ****   {
  83:Src/usb.c     ****   /* USER CODE BEGIN USB_MspInit 0 */
  84:Src/usb.c     **** 
  85:Src/usb.c     ****   /* USER CODE END USB_MspInit 0 */
  86:Src/usb.c     ****     /* USB clock enable */
  87:Src/usb.c     ****     __HAL_RCC_USB_CLK_ENABLE();
 100              		.loc 1 87 0
 101 000a 03F5DA33 		add	r3, r3, #111616
 102 000e DA69     		ldr	r2, [r3, #28]
 103 0010 42F40002 		orr	r2, r2, #8388608
 104 0014 DA61     		str	r2, [r3, #28]
 105 0016 DB69     		ldr	r3, [r3, #28]
 106 0018 03F40003 		and	r3, r3, #8388608
 107 001c 0193     		str	r3, [sp, #4]
 108 001e 019B     		ldr	r3, [sp, #4]
 109              	.LBE2:
  88:Src/usb.c     ****   /* USER CODE BEGIN USB_MspInit 1 */
  89:Src/usb.c     **** 
  90:Src/usb.c     ****   /* USER CODE END USB_MspInit 1 */
  91:Src/usb.c     ****   }
  92:Src/usb.c     **** }
 110              		.loc 1 92 0
 111 0020 02B0     		add	sp, sp, #8
 112              	.LCFI2:
 113              		.cfi_def_cfa_offset 0
 114              		@ sp needed
 115              	.L10:
 116 0022 7047     		bx	lr
 117              	.L12:
 118              		.align	2
 119              	.L11:
 120 0024 005C0040 		.word	1073765376
 121              		.cfi_endproc
 122              	.LFE64:
 124              		.section	.text.HAL_PCD_MspDeInit,"ax",%progbits
 125              		.align	2
 126              		.global	HAL_PCD_MspDeInit
 127              		.thumb
 128              		.thumb_func
 130              	HAL_PCD_MspDeInit:
 131              	.LFB65:
  93:Src/usb.c     **** 
  94:Src/usb.c     **** void HAL_PCD_MspDeInit(PCD_HandleTypeDef* pcdHandle)
  95:Src/usb.c     **** {
 132              		.loc 1 95 0
 133              		.cfi_startproc
 134              		@ args = 0, pretend = 0, frame = 0
 135              		@ frame_needed = 0, uses_anonymous_args = 0
 136              		@ link register save eliminated.
 137              	.LVL3:
ARM GAS  /tmp/ccHIbUKP.s 			page 5


  96:Src/usb.c     **** 
  97:Src/usb.c     ****   if(pcdHandle->Instance==USB)
 138              		.loc 1 97 0
 139 0000 0268     		ldr	r2, [r0]
 140 0002 044B     		ldr	r3, .L15
 141 0004 9A42     		cmp	r2, r3
 142 0006 04D1     		bne	.L13
  98:Src/usb.c     ****   {
  99:Src/usb.c     ****   /* USER CODE BEGIN USB_MspDeInit 0 */
 100:Src/usb.c     **** 
 101:Src/usb.c     ****   /* USER CODE END USB_MspDeInit 0 */
 102:Src/usb.c     ****     /* Peripheral clock disable */
 103:Src/usb.c     ****     __HAL_RCC_USB_CLK_DISABLE();
 143              		.loc 1 103 0
 144 0008 034A     		ldr	r2, .L15+4
 145 000a D369     		ldr	r3, [r2, #28]
 146 000c 23F40003 		bic	r3, r3, #8388608
 147 0010 D361     		str	r3, [r2, #28]
 148              	.L13:
 149 0012 7047     		bx	lr
 150              	.L16:
 151              		.align	2
 152              	.L15:
 153 0014 005C0040 		.word	1073765376
 154 0018 00100240 		.word	1073876992
 155              		.cfi_endproc
 156              	.LFE65:
 158              		.comm	hpcd_USB_FS,1120,4
 159              		.section	.rodata.str1.4,"aMS",%progbits,1
 160              		.align	2
 161              	.LC0:
 162 0000 5372632F 		.ascii	"Src/usb.c\000"
 162      7573622E 
 162      6300
 163              		.text
 164              	.Letext0:
 165              		.file 2 "/usr/include/newlib/machine/_default_types.h"
 166              		.file 3 "/usr/include/newlib/sys/_stdint.h"
 167              		.file 4 "Drivers/CMSIS/Device/ST/STM32F1xx/Include/stm32f103xe.h"
 168              		.file 5 "Drivers/CMSIS/Device/ST/STM32F1xx/Include/stm32f1xx.h"
 169              		.file 6 "Drivers/STM32F1xx_HAL_Driver/Inc/stm32f1xx_hal_def.h"
 170              		.file 7 "Drivers/STM32F1xx_HAL_Driver/Inc/stm32f1xx_ll_usb.h"
 171              		.file 8 "Drivers/STM32F1xx_HAL_Driver/Inc/stm32f1xx_hal_pcd.h"
 172              		.file 9 "Drivers/CMSIS/Include/core_cm3.h"
 173              		.file 10 "Inc/usb.h"
ARM GAS  /tmp/ccHIbUKP.s 			page 6


DEFINED SYMBOLS
                            *ABS*:0000000000000000 usb.c
     /tmp/ccHIbUKP.s:19     .text.MX_USB_PCD_Init:0000000000000000 $t
     /tmp/ccHIbUKP.s:24     .text.MX_USB_PCD_Init:0000000000000000 MX_USB_PCD_Init
     /tmp/ccHIbUKP.s:70     .text.MX_USB_PCD_Init:000000000000002c $d
                            *COM*:0000000000000460 hpcd_USB_FS
     /tmp/ccHIbUKP.s:77     .text.HAL_PCD_MspInit:0000000000000000 $t
     /tmp/ccHIbUKP.s:82     .text.HAL_PCD_MspInit:0000000000000000 HAL_PCD_MspInit
     /tmp/ccHIbUKP.s:120    .text.HAL_PCD_MspInit:0000000000000024 $d
     /tmp/ccHIbUKP.s:125    .text.HAL_PCD_MspDeInit:0000000000000000 $t
     /tmp/ccHIbUKP.s:130    .text.HAL_PCD_MspDeInit:0000000000000000 HAL_PCD_MspDeInit
     /tmp/ccHIbUKP.s:153    .text.HAL_PCD_MspDeInit:0000000000000014 $d
     /tmp/ccHIbUKP.s:160    .rodata.str1.4:0000000000000000 $d
                     .debug_frame:0000000000000010 $d

UNDEFINED SYMBOLS
HAL_PCD_Init
_Error_Handler
